{"meta": {"format": 3, "version": "7.13.5", "timestamp": "2026-05-28T15:38:02.786128", "branch_coverage": false, "show_contexts": false}, "files": {"odoo_fast_report_mapper/__init__.py": {"executed_lines": [1, 12, 13, 14, 15, 17], "summary": {"covered_lines": 6, "num_statements": 6, "percent_covered": 100.0, "percent_covered_display": "100", "missing_lines": 0, "excluded_lines": 0, "percent_statements_covered": 100.0, "percent_statements_covered_display": "100"}, "missing_lines": [], "excluded_lines": [], "functions": {"": {"executed_lines": [1, 12, 13, 14, 15, 17], "summary": {"covered_lines": 6, "num_statements": 6, "percent_covered": 100.0, "percent_covered_display": "100", "missing_lines": 0, "excluded_lines": 0, "percent_statements_covered": 100.0, "percent_statements_covered_display": "100"}, "missing_lines": [], "excluded_lines": [], "start_line": 1}}, "classes": {"": {"executed_lines": [1, 12, 13, 14, 15, 17], "summary": {"covered_lines": 6, "num_statements": 6, "percent_covered": 100.0, "percent_covered_display": "100", "missing_lines": 0, "excluded_lines": 0, "percent_statements_covered": 100.0, "percent_statements_covered_display": "100"}, "missing_lines": [], "excluded_lines": [], "start_line": 1}}}, "odoo_fast_report_mapper/__version__.py": {"executed_lines": [10, 11, 14, 15, 16, 17, 18, 19, 20], "summary": {"covered_lines": 9, "num_statements": 9, "percent_covered": 100.0, "percent_covered_display": "100", "missing_lines": 0, "excluded_lines": 0, "percent_statements_covered": 100.0, "percent_statements_covered_display": "100"}, "missing_lines": [], "excluded_lines": [], "functions": {"": {"executed_lines": [10, 11, 14, 15, 16, 17, 18, 19, 20], "summary": {"covered_lines": 9, "num_statements": 9, "percent_covered": 100.0, "percent_covered_display": "100", "missing_lines": 0, "excluded_lines": 0, "percent_statements_covered": 100.0, "percent_statements_covered_display": "100"}, "missing_lines": [], "excluded_lines": [], "start_line": 1}}, "classes": {"": {"executed_lines": [10, 11, 14, 15, 16, 17, 18, 19, 20], "summary": {"covered_lines": 9, "num_statements": 9, "percent_covered": 100.0, "percent_covered_display": "100", "missing_lines": 0, "excluded_lines": 0, "percent_statements_covered": 100.0, "percent_statements_covered_display": "100"}, "missing_lines": [], "excluded_lines": [], "start_line": 1}}}, "odoo_fast_report_mapper/_cli.py": {"executed_lines": [4, 5, 7, 9, 10, 11, 14, 15, 17, 24, 26, 33, 34, 35, 36, 37, 38, 39, 42, 44, 45, 46, 47, 48, 49, 50, 51, 52, 53, 56, 57, 58, 66, 71, 76, 82, 141, 144, 145, 146, 147, 148, 149, 150, 151, 152, 153, 155, 157, 158, 159, 160, 162, 163, 170, 171, 174, 175, 180, 182, 191, 193, 194, 195, 197, 198, 199, 200, 201, 202, 203, 205, 206, 207, 210, 211, 218, 221, 222, 225, 226, 227, 228, 230, 231, 232, 233, 234, 236, 237, 243, 244, 246, 247, 248, 253, 257, 258, 261, 262, 263, 264, 265, 267, 268, 269, 270, 271, 273, 274, 280, 281, 283, 284, 285, 288, 289, 290, 292, 296, 297, 299, 301, 302, 303, 304, 305, 306, 307, 308, 309, 310, 311, 312, 318, 319, 320, 321, 323, 324, 325, 326, 327, 328, 330, 331, 332, 334, 335, 336, 337], "summary": {"covered_lines": 151, "num_statements": 170, "percent_covered": 88.82352941176471, "percent_covered_display": "89", "missing_lines": 19, "excluded_lines": 2, "percent_statements_covered": 88.82352941176471, "percent_statements_covered_display": "89"}, "missing_lines": [164, 166, 169, 176, 177, 178, 212, 213, 214, 215, 249, 250, 251, 254, 255, 293, 294, 314, 315], "excluded_lines": [340, 341], "functions": {"print_banner": {"executed_lines": [26, 33, 34, 35, 36, 37, 38, 39], "summary": {"covered_lines": 8, "num_statements": 8, "percent_covered": 100.0, "percent_covered_display": "100", "missing_lines": 0, "excluded_lines": 0, "percent_statements_covered": 100.0, "percent_statements_covered_display": "100"}, "missing_lines": [], "excluded_lines": [], "start_line": 24}, "init_callback": {"executed_lines": [44, 45, 46, 47, 48, 49, 50, 51, 52, 53], "summary": {"covered_lines": 10, "num_statements": 10, "percent_covered": 100.0, "percent_covered_display": "100", "missing_lines": 0, "excluded_lines": 0, "percent_statements_covered": 100.0, "percent_statements_covered_display": "100"}, "missing_lines": [], "excluded_lines": [], "start_line": 42}, "start_odoo_fast_report_mapper": {"executed_lines": [141, 144, 145, 146, 147, 148, 149, 150, 151, 152, 153, 155, 157, 158, 159, 160, 162, 163, 170, 171, 174, 175, 180, 182, 191, 193, 194, 195, 197, 198, 199, 200, 201, 202, 203, 205, 206, 207, 210, 211, 218, 221, 222, 225, 226, 227, 228, 230, 231, 232, 233, 234, 236, 237, 243, 244, 246, 247, 248, 253, 257, 258, 261, 262, 263, 264, 265, 267, 268, 269, 270, 271, 273, 274, 280, 281, 283, 284, 285, 288, 289, 290, 292, 296, 297, 299, 301, 302, 303, 304, 305, 306, 307, 308, 309, 310, 311, 312, 318, 319, 320, 321, 323, 324, 325, 326, 327, 328, 330, 331, 332, 334, 335, 336, 337], "summary": {"covered_lines": 115, "num_statements": 134, "percent_covered": 85.82089552238806, "percent_covered_display": "86", "missing_lines": 19, "excluded_lines": 0, "percent_statements_covered": 85.82089552238806, "percent_statements_covered_display": "86"}, "missing_lines": [164, 166, 169, 176, 177, 178, 212, 213, 214, 215, 249, 250, 251, 254, 255, 293, 294, 314, 315], "excluded_lines": [], "start_line": 82}, "": {"executed_lines": [4, 5, 7, 9, 10, 11, 14, 15, 17, 24, 42, 56, 57, 58, 66, 71, 76, 82], "summary": {"covered_lines": 18, "num_statements": 18, "percent_covered": 100.0, "percent_covered_display": "100", "missing_lines": 0, "excluded_lines": 2, "percent_statements_covered": 100.0, "percent_statements_covered_display": "100"}, "missing_lines": [], "excluded_lines": [340, 341], "start_line": 1}}, "classes": {"": {"executed_lines": [4, 5, 7, 9, 10, 11, 14, 15, 17, 24, 26, 33, 34, 35, 36, 37, 38, 39, 42, 44, 45, 46, 47, 48, 49, 50, 51, 52, 53, 56, 57, 58, 66, 71, 76, 82, 141, 144, 145, 146, 147, 148, 149, 150, 151, 152, 153, 155, 157, 158, 159, 160, 162, 163, 170, 171, 174, 175, 180, 182, 191, 193, 194, 195, 197, 198, 199, 200, 201, 202, 203, 205, 206, 207, 210, 211, 218, 221, 222, 225, 226, 227, 228, 230, 231, 232, 233, 234, 236, 237, 243, 244, 246, 247, 248, 253, 257, 258, 261, 262, 263, 264, 265, 267, 268, 269, 270, 271, 273, 274, 280, 281, 283, 284, 285, 288, 289, 290, 292, 296, 297, 299, 301, 302, 303, 304, 305, 306, 307, 308, 309, 310, 311, 312, 318, 319, 320, 321, 323, 324, 325, 326, 327, 328, 330, 331, 332, 334, 335, 336, 337], "summary": {"covered_lines": 151, "num_statements": 170, "percent_covered": 88.82352941176471, "percent_covered_display": "89", "missing_lines": 19, "excluded_lines": 2, "percent_statements_covered": 88.82352941176471, "percent_statements_covered_display": "89"}, "missing_lines": [164, 166, 169, 176, 177, 178, 212, 213, 214, 215, 249, 250, 251, 254, 255, 293, 294, 314, 315], "excluded_lines": [340, 341], "start_line": 1}}}, "odoo_fast_report_mapper/_connection.py": {"executed_lines": [13, 14, 15, 16, 18, 19, 21, 22, 23, 24, 25, 26, 28, 31, 37, 50, 51, 52, 53, 54, 55, 56, 57, 58, 59, 60, 61, 62, 63, 65, 66, 68, 71, 74, 78, 79, 81, 82, 83, 84, 86, 87, 88, 89, 91, 97, 98, 99, 101, 107, 108, 109, 111, 120, 121, 122, 123, 124, 127, 128, 133, 139, 140, 141, 142, 143, 144, 151, 152, 154, 166, 167, 168, 169, 170, 171, 172, 173, 174, 177, 178, 179, 181, 182, 184, 185, 186, 187, 189, 191, 192, 193, 194, 195, 196, 197, 198, 199, 200, 201, 203, 209, 210, 211, 212, 213, 214, 215, 216, 217, 219, 225, 226, 227, 228, 229, 230, 233, 234, 236, 237, 238, 239, 240, 241, 242, 243, 245, 246, 247, 248, 249, 250, 251, 253, 254, 256, 272, 274, 276, 277, 279, 280, 281, 284, 285, 288, 289, 290, 291, 292, 293, 294, 295, 296, 297, 298, 305, 309, 310, 311, 312, 314, 315, 317, 319, 321, 323, 332, 333, 334, 335, 338, 339, 341, 342, 343, 344, 347, 348, 349, 351, 365, 366, 369, 371, 372, 374, 375, 376, 377, 379, 380, 382, 383, 384, 385, 388, 389, 390, 391, 392, 396, 397, 399, 401, 402, 403, 404, 405, 406, 415, 423, 424, 425, 426, 427, 428, 437, 438, 439, 442, 447, 449, 467, 468, 469, 470, 471, 476, 477, 478, 479, 480, 481, 483, 484, 485, 486, 487, 488, 491, 492, 494, 496, 503, 508, 509, 511, 512, 514, 517, 519, 521, 523, 524, 525, 527, 528, 529, 531, 542, 544, 546, 548, 555, 560, 561, 562, 564, 566, 569, 570, 571, 575, 577, 579, 580, 585, 586, 588, 592, 594, 595, 596, 597, 600, 601, 602, 603, 622, 629, 631, 632, 635, 636, 638, 639, 642, 644, 647, 649, 650, 651, 652, 653, 654, 655, 656, 657, 658, 662, 663, 664, 665, 666, 667, 668, 669, 673, 675, 676, 678, 687, 689, 690, 691, 692, 693, 696, 698, 700, 702, 705, 706, 708, 710, 711, 712, 713, 714, 715, 716, 718, 720, 721, 722, 724, 725, 726, 727, 728, 729, 730, 731, 732, 733, 734, 735, 736, 737, 738, 739, 740, 742, 743, 745, 746, 748, 750, 769, 771, 778, 779, 788, 789, 791, 792, 794, 803, 804, 805, 806, 819, 820, 822, 824, 825, 826, 828, 831, 833, 835, 836, 837, 838, 839, 841, 844, 849, 850, 852, 853, 854, 855, 857, 859, 860, 861, 870, 871, 872, 873], "summary": {"covered_lines": 413, "num_statements": 449, "percent_covered": 91.98218262806236, "percent_covered_display": "92", "missing_lines": 36, "excluded_lines": 0, "percent_statements_covered": 91.98218262806236, "percent_statements_covered_display": "92"}, "missing_lines": [69, 72, 125, 126, 183, 188, 282, 394, 443, 444, 445, 515, 567, 576, 604, 608, 616, 619, 621, 640, 641, 645, 646, 659, 660, 703, 707, 719, 744, 747, 807, 808, 809, 810, 817, 851], "excluded_lines": [], "functions": {"OdooConnection.__init__": {"executed_lines": [50, 51, 52, 53, 54, 55, 56, 57, 58, 59, 60, 61, 62, 63, 65, 66], "summary": {"covered_lines": 16, "num_statements": 16, "percent_covered": 100.0, "percent_covered_display": "100", "missing_lines": 0, "excluded_lines": 0, "percent_statements_covered": 100.0, "percent_statements_covered_display": "100"}, "missing_lines": [], "excluded_lines": [], "start_line": 37}, "OdooConnection.__repr__": {"executed_lines": [], "summary": {"covered_lines": 0, "num_statements": 1, "percent_covered": 0.0, "percent_covered_display": "0", "missing_lines": 1, "excluded_lines": 0, "percent_statements_covered": 0.0, "percent_statements_covered_display": "0"}, "missing_lines": [69], "excluded_lines": [], "start_line": 68}, "OdooConnection.__str__": {"executed_lines": [], "summary": {"covered_lines": 0, "num_statements": 1, "percent_covered": 0.0, "percent_covered_display": "0", "missing_lines": 1, "excluded_lines": 0, "percent_statements_covered": 0.0, "percent_statements_covered_display": "0"}, "missing_lines": [72], "excluded_lines": [], "start_line": 71}, "OdooConnection.login": {"executed_lines": [78, 79, 81, 82, 83, 84, 86, 87, 88, 89], "summary": {"covered_lines": 10, "num_statements": 10, "percent_covered": 100.0, "percent_covered_display": "100", "missing_lines": 0, "excluded_lines": 0, "percent_statements_covered": 100.0, "percent_statements_covered_display": "100"}, "missing_lines": [], "excluded_lines": [], "start_line": 74}, "OdooConnection._get_fast_report_ids": {"executed_lines": [97, 98, 99], "summary": {"covered_lines": 3, "num_statements": 3, "percent_covered": 100.0, "percent_covered_display": "100", "missing_lines": 0, "excluded_lines": 0, "percent_statements_covered": 100.0, "percent_statements_covered_display": "100"}, "missing_lines": [], "excluded_lines": [], "start_line": 91}, "OdooConnection.check_module": {"executed_lines": [107, 108, 109], "summary": {"covered_lines": 3, "num_statements": 3, "percent_covered": 100.0, "percent_covered_display": "100", "missing_lines": 0, "excluded_lines": 0, "percent_statements_covered": 100.0, "percent_statements_covered_display": "100"}, "missing_lines": [], "excluded_lines": [], "start_line": 101}, "OdooConnection.check_api_key_compatibility": {"executed_lines": [120, 121, 122, 123, 124, 127, 128], "summary": {"covered_lines": 7, "num_statements": 9, "percent_covered": 77.77777777777777, "percent_covered_display": "78", "missing_lines": 2, "excluded_lines": 0, "percent_statements_covered": 77.77777777777777, "percent_statements_covered_display": "78"}, "missing_lines": [125, 126], "excluded_lines": [], "start_line": 111}, "OdooConnection.get_installed_languages": {"executed_lines": [139, 140, 141, 142, 143, 144, 151, 152], "summary": {"covered_lines": 8, "num_statements": 8, "percent_covered": 100.0, "percent_covered_display": "100", "missing_lines": 0, "excluded_lines": 0, "percent_statements_covered": 100.0, "percent_statements_covered_display": "100"}, "missing_lines": [], "excluded_lines": [], "start_line": 133}, "OdooConnection.get_company_language": {"executed_lines": [166, 167, 168, 169, 170, 171, 172, 173, 174, 177, 178, 179], "summary": {"covered_lines": 12, "num_statements": 12, "percent_covered": 100.0, "percent_covered_display": "100", "missing_lines": 0, "excluded_lines": 0, "percent_statements_covered": 100.0, "percent_statements_covered_display": "100"}, "missing_lines": [], "excluded_lines": [], "start_line": 154}, "OdooConnection._search_report_v13": {"executed_lines": [182, 184, 185, 186, 187, 189], "summary": {"covered_lines": 6, "num_statements": 8, "percent_covered": 75.0, "percent_covered_display": "75", "missing_lines": 2, "excluded_lines": 0, "percent_statements_covered": 75.0, "percent_statements_covered_display": "75"}, "missing_lines": [183, 188], "excluded_lines": [], "start_line": 181}, "OdooConnection._search_report": {"executed_lines": [192, 193, 194, 195, 196, 197, 198, 199, 200, 201], "summary": {"covered_lines": 10, "num_statements": 10, "percent_covered": 100.0, "percent_covered_display": "100", "missing_lines": 0, "excluded_lines": 0, "percent_statements_covered": 100.0, "percent_statements_covered_display": "100"}, "missing_lines": [], "excluded_lines": [], "start_line": 191}, "OdooConnection.check_dependencies": {"executed_lines": [209, 210, 211, 212, 213, 214, 215, 216, 217], "summary": {"covered_lines": 9, "num_statements": 9, "percent_covered": 100.0, "percent_covered_display": "100", "missing_lines": 0, "excluded_lines": 0, "percent_statements_covered": 100.0, "percent_statements_covered_display": "100"}, "missing_lines": [], "excluded_lines": [], "start_line": 203}, "OdooConnection.map_reports": {"executed_lines": [225, 226, 227, 228, 229, 230, 233, 234, 236, 237, 238, 239, 240, 241, 242, 243, 245, 246, 247, 248, 249, 250, 251, 253, 254], "summary": {"covered_lines": 25, "num_statements": 25, "percent_covered": 100.0, "percent_covered_display": "100", "missing_lines": 0, "excluded_lines": 0, "percent_statements_covered": 100.0, "percent_statements_covered_display": "100"}, "missing_lines": [], "excluded_lines": [], "start_line": 219}, "OdooConnection._create_or_update_report": {"executed_lines": [272, 274, 276, 277, 279, 280, 281, 284, 285, 288, 289, 290, 291, 292, 293, 294, 295, 296, 297, 298, 305, 309, 310, 311, 312, 314, 315, 317, 319, 321], "summary": {"covered_lines": 30, "num_statements": 31, "percent_covered": 96.7741935483871, "percent_covered_display": "97", "missing_lines": 1, "excluded_lines": 0, "percent_statements_covered": 96.7741935483871, "percent_statements_covered_display": "97"}, "missing_lines": [282], "excluded_lines": [], "start_line": 256}, "OdooConnection._set_report_translations": {"executed_lines": [332, 333, 334, 335, 338, 339, 341, 342, 343, 344, 347, 348, 349], "summary": {"covered_lines": 13, "num_statements": 13, "percent_covered": 100.0, "percent_covered_display": "100", "missing_lines": 0, "excluded_lines": 0, "percent_statements_covered": 100.0, "percent_statements_covered_display": "100"}, "missing_lines": [], "excluded_lines": [], "start_line": 323}, "OdooConnection._map_report_fields": {"executed_lines": [365, 366, 369, 371, 372, 374, 375, 376, 377, 379, 380, 382, 383, 384, 385, 388, 389, 390, 391, 392, 396, 397, 399, 401, 402, 403, 404, 405, 406], "summary": {"covered_lines": 29, "num_statements": 30, "percent_covered": 96.66666666666667, "percent_covered_display": "97", "missing_lines": 1, "excluded_lines": 0, "percent_statements_covered": 96.66666666666667, "percent_statements_covered_display": "97"}, "missing_lines": [394], "excluded_lines": [], "start_line": 351}, "OdooConnection._write_field_mappings": {"executed_lines": [423, 424, 425, 426, 427, 428, 437, 438, 439, 442, 447], "summary": {"covered_lines": 11, "num_statements": 14, "percent_covered": 78.57142857142857, "percent_covered_display": "79", "missing_lines": 3, "excluded_lines": 0, "percent_statements_covered": 78.57142857142857, "percent_statements_covered_display": "79"}, "missing_lines": [443, 444, 445], "excluded_lines": [], "start_line": 415}, "OdooConnection.set_calculated_fields": {"executed_lines": [467, 468, 469, 470, 471, 476, 477, 478, 479, 480, 481, 483, 484, 485, 486, 487, 488, 491, 492, 494], "summary": {"covered_lines": 20, "num_statements": 20, "percent_covered": 100.0, "percent_covered_display": "100", "missing_lines": 0, "excluded_lines": 0, "percent_statements_covered": 100.0, "percent_statements_covered_display": "100"}, "missing_lines": [], "excluded_lines": [], "start_line": 449}, "OdooConnection.list_fast_reports": {"executed_lines": [503, 508, 509, 511, 512, 514, 517, 519, 521, 523, 524, 525, 527, 528, 529, 531, 542], "summary": {"covered_lines": 17, "num_statements": 18, "percent_covered": 94.44444444444444, "percent_covered_display": "94", "missing_lines": 1, "excluded_lines": 0, "percent_statements_covered": 94.44444444444444, "percent_statements_covered_display": "94"}, "missing_lines": [515], "excluded_lines": [], "start_line": 496}, "OdooConnection.collect_all_report_entries": {"executed_lines": [546], "summary": {"covered_lines": 1, "num_statements": 1, "percent_covered": 100.0, "percent_covered_display": "100", "missing_lines": 0, "excluded_lines": 0, "percent_statements_covered": 100.0, "percent_statements_covered_display": "100"}, "missing_lines": [], "excluded_lines": [], "start_line": 544}, "OdooConnection.collect_report_entries": {"executed_lines": [555, 560, 561, 562, 564, 566, 569, 570, 571, 575, 577, 579, 580, 585, 586, 588, 592, 594, 595, 596, 597, 600, 601, 602, 603, 622, 629, 631, 632, 635, 636, 638, 639, 642, 644, 647], "summary": {"covered_lines": 36, "num_statements": 47, "percent_covered": 76.59574468085107, "percent_covered_display": "77", "missing_lines": 11, "excluded_lines": 0, "percent_statements_covered": 76.59574468085107, "percent_statements_covered_display": "77"}, "missing_lines": [567, 576, 604, 608, 616, 619, 621, 640, 641, 645, 646], "excluded_lines": [], "start_line": 548}, "OdooConnection.add_field_to_dictionary": {"executed_lines": [650, 651, 652, 653, 654, 655, 656, 657, 658, 662, 663, 664, 665, 666, 667, 668, 669, 673, 675, 676], "summary": {"covered_lines": 20, "num_statements": 22, "percent_covered": 90.9090909090909, "percent_covered_display": "91", "missing_lines": 2, "excluded_lines": 0, "percent_statements_covered": 90.9090909090909, "percent_statements_covered_display": "91"}, "missing_lines": [659, 660], "excluded_lines": [], "start_line": 649}, "OdooConnection._collect_calculated_fields": {"executed_lines": [687, 689, 690, 691, 692, 693, 696], "summary": {"covered_lines": 7, "num_statements": 7, "percent_covered": 100.0, "percent_covered_display": "100", "missing_lines": 0, "excluded_lines": 0, "percent_statements_covered": 100.0, "percent_statements_covered_display": "100"}, "missing_lines": [], "excluded_lines": [], "start_line": 678}, "OdooConnection.create_eq_report_object": {"executed_lines": [700, 702, 705, 706, 708, 710, 711, 712, 713, 714, 715, 716, 718, 720, 721, 722, 724, 725, 726, 727, 728, 729, 730, 731, 732, 733, 734, 735, 736, 737, 738, 739, 740, 742, 743, 745, 746, 748, 750, 769], "summary": {"covered_lines": 40, "num_statements": 45, "percent_covered": 88.88888888888889, "percent_covered_display": "89", "missing_lines": 5, "excluded_lines": 0, "percent_statements_covered": 88.88888888888889, "percent_statements_covered_display": "89"}, "missing_lines": [703, 707, 719, 744, 747], "excluded_lines": [], "start_line": 698}, "OdooConnection.write_yaml": {"executed_lines": [778, 779], "summary": {"covered_lines": 2, "num_statements": 2, "percent_covered": 100.0, "percent_covered_display": "100", "missing_lines": 0, "excluded_lines": 0, "percent_statements_covered": 100.0, "percent_statements_covered_display": "100"}, "missing_lines": [], "excluded_lines": [], "start_line": 771}, "OdooConnection.is_boolean": {"executed_lines": [789], "summary": {"covered_lines": 1, "num_statements": 1, "percent_covered": 100.0, "percent_covered_display": "100", "missing_lines": 0, "excluded_lines": 0, "percent_statements_covered": 100.0, "percent_statements_covered_display": "100"}, "missing_lines": [], "excluded_lines": [], "start_line": 788}, "OdooConnection.is_dict": {"executed_lines": [792], "summary": {"covered_lines": 1, "num_statements": 1, "percent_covered": 100.0, "percent_covered_display": "100", "missing_lines": 0, "excluded_lines": 0, "percent_statements_covered": 100.0, "percent_statements_covered_display": "100"}, "missing_lines": [], "excluded_lines": [], "start_line": 791}, "OdooConnection.test_fast_report_rendering": {"executed_lines": [803, 804, 805, 806, 819, 820, 822, 824, 825, 826, 828, 831, 833, 835, 836, 837, 838, 839, 841, 844, 849, 850, 852, 853, 854, 855, 857], "summary": {"covered_lines": 27, "num_statements": 33, "percent_covered": 81.81818181818181, "percent_covered_display": "82", "missing_lines": 6, "excluded_lines": 0, "percent_statements_covered": 81.81818181818181, "percent_statements_covered_display": "82"}, "missing_lines": [807, 808, 809, 810, 817, 851], "excluded_lines": [], "start_line": 794}, "OdooConnection.disable_qweb_reports": {"executed_lines": [860, 861, 870, 871, 872, 873], "summary": {"covered_lines": 6, "num_statements": 6, "percent_covered": 100.0, "percent_covered_display": "100", "missing_lines": 0, "excluded_lines": 0, "percent_statements_covered": 100.0, "percent_statements_covered_display": "100"}, "missing_lines": [], "excluded_lines": [], "start_line": 859}, "": {"executed_lines": [13, 14, 15, 16, 18, 19, 21, 22, 23, 24, 25, 26, 28, 31, 37, 68, 71, 74, 91, 101, 111, 133, 154, 181, 191, 203, 219, 256, 323, 351, 415, 449, 496, 544, 548, 649, 678, 698, 771, 788, 791, 794, 859], "summary": {"covered_lines": 43, "num_statements": 43, "percent_covered": 100.0, "percent_covered_display": "100", "missing_lines": 0, "excluded_lines": 0, "percent_statements_covered": 100.0, "percent_statements_covered_display": "100"}, "missing_lines": [], "excluded_lines": [], "start_line": 1}}, "classes": {"OdooConnection": {"executed_lines": [50, 51, 52, 53, 54, 55, 56, 57, 58, 59, 60, 61, 62, 63, 65, 66, 78, 79, 81, 82, 83, 84, 86, 87, 88, 89, 97, 98, 99, 107, 108, 109, 120, 121, 122, 123, 124, 127, 128, 139, 140, 141, 142, 143, 144, 151, 152, 166, 167, 168, 169, 170, 171, 172, 173, 174, 177, 178, 179, 182, 184, 185, 186, 187, 189, 192, 193, 194, 195, 196, 197, 198, 199, 200, 201, 209, 210, 211, 212, 213, 214, 215, 216, 217, 225, 226, 227, 228, 229, 230, 233, 234, 236, 237, 238, 239, 240, 241, 242, 243, 245, 246, 247, 248, 249, 250, 251, 253, 254, 272, 274, 276, 277, 279, 280, 281, 284, 285, 288, 289, 290, 291, 292, 293, 294, 295, 296, 297, 298, 305, 309, 310, 311, 312, 314, 315, 317, 319, 321, 332, 333, 334, 335, 338, 339, 341, 342, 343, 344, 347, 348, 349, 365, 366, 369, 371, 372, 374, 375, 376, 377, 379, 380, 382, 383, 384, 385, 388, 389, 390, 391, 392, 396, 397, 399, 401, 402, 403, 404, 405, 406, 423, 424, 425, 426, 427, 428, 437, 438, 439, 442, 447, 467, 468, 469, 470, 471, 476, 477, 478, 479, 480, 481, 483, 484, 485, 486, 487, 488, 491, 492, 494, 503, 508, 509, 511, 512, 514, 517, 519, 521, 523, 524, 525, 527, 528, 529, 531, 542, 546, 555, 560, 561, 562, 564, 566, 569, 570, 571, 575, 577, 579, 580, 585, 586, 588, 592, 594, 595, 596, 597, 600, 601, 602, 603, 622, 629, 631, 632, 635, 636, 638, 639, 642, 644, 647, 650, 651, 652, 653, 654, 655, 656, 657, 658, 662, 663, 664, 665, 666, 667, 668, 669, 673, 675, 676, 687, 689, 690, 691, 692, 693, 696, 700, 702, 705, 706, 708, 710, 711, 712, 713, 714, 715, 716, 718, 720, 721, 722, 724, 725, 726, 727, 728, 729, 730, 731, 732, 733, 734, 735, 736, 737, 738, 739, 740, 742, 743, 745, 746, 748, 750, 769, 778, 779, 789, 792, 803, 804, 805, 806, 819, 820, 822, 824, 825, 826, 828, 831, 833, 835, 836, 837, 838, 839, 841, 844, 849, 850, 852, 853, 854, 855, 857, 860, 861, 870, 871, 872, 873], "summary": {"covered_lines": 370, "num_statements": 406, "percent_covered": 91.13300492610837, "percent_covered_display": "91", "missing_lines": 36, "excluded_lines": 0, "percent_statements_covered": 91.13300492610837, "percent_statements_covered_display": "91"}, "missing_lines": [69, 72, 125, 126, 183, 188, 282, 394, 443, 444, 445, 515, 567, 576, 604, 608, 616, 619, 621, 640, 641, 645, 646, 659, 660, 703, 707, 719, 744, 747, 807, 808, 809, 810, 817, 851], "excluded_lines": [], "start_line": 31}, "": {"executed_lines": [13, 14, 15, 16, 18, 19, 21, 22, 23, 24, 25, 26, 28, 31, 37, 68, 71, 74, 91, 101, 111, 133, 154, 181, 191, 203, 219, 256, 323, 351, 415, 449, 496, 544, 548, 649, 678, 698, 771, 788, 791, 794, 859], "summary": {"covered_lines": 43, "num_statements": 43, "percent_covered": 100.0, "percent_covered_display": "100", "missing_lines": 0, "excluded_lines": 0, "percent_statements_covered": 100.0, "percent_statements_covered_display": "100"}, "missing_lines": [], "excluded_lines": [], "start_line": 1}}}, "odoo_fast_report_mapper/_exceptions.py": {"executed_lines": [5, 6, 9, 10, 14], "summary": {"covered_lines": 5, "num_statements": 5, "percent_covered": 100.0, "percent_covered_display": "100", "missing_lines": 0, "excluded_lines": 0, "percent_statements_covered": 100.0, "percent_statements_covered_display": "100"}, "missing_lines": [], "excluded_lines": [], "functions": {"": {"executed_lines": [5, 6, 9, 10, 14], "summary": {"covered_lines": 5, "num_statements": 5, "percent_covered": 100.0, "percent_covered_display": "100", "missing_lines": 0, "excluded_lines": 0, "percent_statements_covered": 100.0, "percent_statements_covered_display": "100"}, "missing_lines": [], "excluded_lines": [], "start_line": 1}}, "classes": {"OdooConnectionError": {"executed_lines": [], "summary": {"covered_lines": 0, "num_statements": 0, "percent_covered": 100.0, "percent_covered_display": "100", "missing_lines": 0, "excluded_lines": 0, "percent_statements_covered": 100.0, "percent_statements_covered_display": "100"}, "missing_lines": [], "excluded_lines": [], "start_line": 5}, "PathDoesNotExistError": {"executed_lines": [], "summary": {"covered_lines": 0, "num_statements": 0, "percent_covered": 100.0, "percent_covered_display": "100", "missing_lines": 0, "excluded_lines": 0, "percent_statements_covered": 100.0, "percent_statements_covered_display": "100"}, "missing_lines": [], "excluded_lines": [], "start_line": 9}, "": {"executed_lines": [5, 6, 9, 10, 14], "summary": {"covered_lines": 5, "num_statements": 5, "percent_covered": 100.0, "percent_covered_display": "100", "missing_lines": 0, "excluded_lines": 0, "percent_statements_covered": 100.0, "percent_statements_covered_display": "100"}, "missing_lines": [], "excluded_lines": [], "start_line": 1}}}, "odoo_fast_report_mapper/_lang_utils.py": {"executed_lines": [13, 19, 28, 31, 43, 44, 45, 46, 49, 61, 62, 63, 64, 65, 66, 67, 70, 82, 83, 84, 85, 87, 88, 89, 90, 93, 111, 112, 113, 114, 115, 116, 117, 118, 119], "summary": {"covered_lines": 35, "num_statements": 36, "percent_covered": 97.22222222222223, "percent_covered_display": "97", "missing_lines": 1, "excluded_lines": 0, "percent_statements_covered": 97.22222222222223, "percent_statements_covered_display": "97"}, "missing_lines": [120], "excluded_lines": [], "functions": {"normalize_language_code": {"executed_lines": [28], "summary": {"covered_lines": 1, "num_statements": 1, "percent_covered": 100.0, "percent_covered_display": "100", "missing_lines": 0, "excluded_lines": 0, "percent_statements_covered": 100.0, "percent_statements_covered_display": "100"}, "missing_lines": [], "excluded_lines": [], "start_line": 19}, "normalize_name_dict": {"executed_lines": [43, 44, 45, 46], "summary": {"covered_lines": 4, "num_statements": 4, "percent_covered": 100.0, "percent_covered_display": "100", "missing_lines": 0, "excluded_lines": 0, "percent_statements_covered": 100.0, "percent_statements_covered_display": "100"}, "missing_lines": [], "excluded_lines": [], "start_line": 31}, "get_primary_lang": {"executed_lines": [61, 62, 63, 64, 65, 66, 67], "summary": {"covered_lines": 7, "num_statements": 7, "percent_covered": 100.0, "percent_covered_display": "100", "missing_lines": 0, "excluded_lines": 0, "percent_statements_covered": 100.0, "percent_statements_covered_display": "100"}, "missing_lines": [], "excluded_lines": [], "start_line": 49}, "build_name_search_domain": {"executed_lines": [82, 83, 84, 85, 87, 88, 89, 90], "summary": {"covered_lines": 8, "num_statements": 8, "percent_covered": 100.0, "percent_covered_display": "100", "missing_lines": 0, "excluded_lines": 0, "percent_statements_covered": 100.0, "percent_statements_covered_display": "100"}, "missing_lines": [], "excluded_lines": [], "start_line": 70}, "resolve_attachment_value": {"executed_lines": [111, 112, 113, 114, 115, 116, 117, 118, 119], "summary": {"covered_lines": 9, "num_statements": 10, "percent_covered": 90.0, "percent_covered_display": "90", "missing_lines": 1, "excluded_lines": 0, "percent_statements_covered": 90.0, "percent_statements_covered_display": "90"}, "missing_lines": [120], "excluded_lines": [], "start_line": 93}, "": {"executed_lines": [13, 19, 31, 49, 70, 93], "summary": {"covered_lines": 6, "num_statements": 6, "percent_covered": 100.0, "percent_covered_display": "100", "missing_lines": 0, "excluded_lines": 0, "percent_statements_covered": 100.0, "percent_statements_covered_display": "100"}, "missing_lines": [], "excluded_lines": [], "start_line": 1}}, "classes": {"": {"executed_lines": [13, 19, 28, 31, 43, 44, 45, 46, 49, 61, 62, 63, 64, 65, 66, 67, 70, 82, 83, 84, 85, 87, 88, 89, 90, 93, 111, 112, 113, 114, 115, 116, 117, 118, 119], "summary": {"covered_lines": 35, "num_statements": 36, "percent_covered": 97.22222222222223, "percent_covered_display": "97", "missing_lines": 1, "excluded_lines": 0, "percent_statements_covered": 97.22222222222223, "percent_statements_covered_display": "97"}, "missing_lines": [120], "excluded_lines": [], "start_line": 1}}}, "odoo_fast_report_mapper/_logging.py": {"executed_lines": [14, 15, 16, 17, 18, 22, 25, 26, 29, 30, 31, 32, 33, 34, 35, 36, 39, 40, 41, 42, 45, 48, 56, 59, 62, 63, 66, 69, 71, 74, 85, 87, 89, 90, 91, 92, 94, 96, 97, 99, 100, 101, 102, 103, 104, 106, 132, 136, 137, 138, 141, 144, 145, 146, 149, 150, 151, 153, 156, 158, 159, 160, 163, 165, 167, 168, 171, 172, 173, 174, 175, 178, 180, 182, 192, 193, 194, 196, 203, 204, 205, 206, 207, 209, 215, 218, 236, 239, 254, 263, 270, 273, 279, 281, 284, 286, 289, 291], "summary": {"covered_lines": 98, "num_statements": 102, "percent_covered": 96.07843137254902, "percent_covered_display": "96", "missing_lines": 4, "excluded_lines": 0, "percent_statements_covered": 96.07843137254902, "percent_statements_covered_display": "96"}, "missing_lines": [133, 154, 211, 275], "excluded_lines": [], "functions": {"ColoredFormatter.format": {"executed_lines": [59, 62, 63, 66, 69, 71], "summary": {"covered_lines": 6, "num_statements": 6, "percent_covered": 100.0, "percent_covered_display": "100", "missing_lines": 0, "excluded_lines": 0, "percent_statements_covered": 100.0, "percent_statements_covered_display": "100"}, "missing_lines": [], "excluded_lines": [], "start_line": 56}, "LoggerManager.__new__": {"executed_lines": [89, 90, 91, 92], "summary": {"covered_lines": 4, "num_statements": 4, "percent_covered": 100.0, "percent_covered_display": "100", "missing_lines": 0, "excluded_lines": 0, "percent_statements_covered": 100.0, "percent_statements_covered_display": "100"}, "missing_lines": [], "excluded_lines": [], "start_line": 87}, "LoggerManager.__init__": {"executed_lines": [96, 97, 99, 100, 101, 102, 103, 104], "summary": {"covered_lines": 8, "num_statements": 8, "percent_covered": 100.0, "percent_covered_display": "100", "missing_lines": 0, "excluded_lines": 0, "percent_statements_covered": 100.0, "percent_statements_covered_display": "100"}, "missing_lines": [], "excluded_lines": [], "start_line": 94}, "LoggerManager.setup_logger": {"executed_lines": [132, 136, 137, 138, 141, 144, 145, 146, 149, 150, 151, 153, 156, 158, 159, 160, 163, 165, 167, 168, 171, 172, 173, 174, 175, 178, 180], "summary": {"covered_lines": 27, "num_statements": 29, "percent_covered": 93.10344827586206, "percent_covered_display": "93", "missing_lines": 2, "excluded_lines": 0, "percent_statements_covered": 93.10344827586206, "percent_statements_covered_display": "93"}, "missing_lines": [133, 154], "excluded_lines": [], "start_line": 106}, "LoggerManager.get_logger": {"executed_lines": [192, 193, 194], "summary": {"covered_lines": 3, "num_statements": 3, "percent_covered": 100.0, "percent_covered_display": "100", "missing_lines": 0, "excluded_lines": 0, "percent_statements_covered": 100.0, "percent_statements_covered_display": "100"}, "missing_lines": [], "excluded_lines": [], "start_line": 182}, "LoggerManager.set_level": {"executed_lines": [203, 204, 205, 206, 207], "summary": {"covered_lines": 5, "num_statements": 5, "percent_covered": 100.0, "percent_covered_display": "100", "missing_lines": 0, "excluded_lines": 0, "percent_statements_covered": 100.0, "percent_statements_covered_display": "100"}, "missing_lines": [], "excluded_lines": [], "start_line": 196}, "LoggerManager.get_log_file_path": {"executed_lines": [], "summary": {"covered_lines": 0, "num_statements": 1, "percent_covered": 0.0, "percent_covered_display": "0", "missing_lines": 1, "excluded_lines": 0, "percent_statements_covered": 0.0, "percent_statements_covered_display": "0"}, "missing_lines": [211], "excluded_lines": [], "start_line": 209}, "get_logger": {"executed_lines": [236], "summary": {"covered_lines": 1, "num_statements": 1, "percent_covered": 100.0, "percent_covered_display": "100", "missing_lines": 0, "excluded_lines": 0, "percent_statements_covered": 100.0, "percent_statements_covered_display": "100"}, "missing_lines": [], "excluded_lines": [], "start_line": 218}, "setup_logging": {"executed_lines": [254], "summary": {"covered_lines": 1, "num_statements": 1, "percent_covered": 100.0, "percent_covered_display": "100", "missing_lines": 0, "excluded_lines": 0, "percent_statements_covered": 100.0, "percent_statements_covered_display": "100"}, "missing_lines": [], "excluded_lines": [], "start_line": 239}, "set_log_level": {"executed_lines": [270], "summary": {"covered_lines": 1, "num_statements": 1, "percent_covered": 100.0, "percent_covered_display": "100", "missing_lines": 0, "excluded_lines": 0, "percent_statements_covered": 100.0, "percent_statements_covered_display": "100"}, "missing_lines": [], "excluded_lines": [], "start_line": 263}, "get_log_file_path": {"executed_lines": [], "summary": {"covered_lines": 0, "num_statements": 1, "percent_covered": 0.0, "percent_covered_display": "0", "missing_lines": 1, "excluded_lines": 0, "percent_statements_covered": 0.0, "percent_statements_covered_display": "0"}, "missing_lines": [275], "excluded_lines": [], "start_line": 273}, "enable_debug_logging": {"executed_lines": [281], "summary": {"covered_lines": 1, "num_statements": 1, "percent_covered": 100.0, "percent_covered_display": "100", "missing_lines": 0, "excluded_lines": 0, "percent_statements_covered": 100.0, "percent_statements_covered_display": "100"}, "missing_lines": [], "excluded_lines": [], "start_line": 279}, "enable_verbose_logging": {"executed_lines": [286], "summary": {"covered_lines": 1, "num_statements": 1, "percent_covered": 100.0, "percent_covered_display": "100", "missing_lines": 0, "excluded_lines": 0, "percent_statements_covered": 100.0, "percent_statements_covered_display": "100"}, "missing_lines": [], "excluded_lines": [], "start_line": 284}, "enable_quiet_logging": {"executed_lines": [291], "summary": {"covered_lines": 1, "num_statements": 1, "percent_covered": 100.0, "percent_covered_display": "100", "missing_lines": 0, "excluded_lines": 0, "percent_statements_covered": 100.0, "percent_statements_covered_display": "100"}, "missing_lines": [], "excluded_lines": [], "start_line": 289}, "": {"executed_lines": [14, 15, 16, 17, 18, 22, 25, 26, 29, 30, 31, 32, 33, 34, 35, 36, 39, 40, 41, 42, 45, 48, 56, 74, 85, 87, 94, 106, 182, 196, 209, 215, 218, 239, 263, 273, 279, 284, 289], "summary": {"covered_lines": 39, "num_statements": 39, "percent_covered": 100.0, "percent_covered_display": "100", "missing_lines": 0, "excluded_lines": 0, "percent_statements_covered": 100.0, "percent_statements_covered_display": "100"}, "missing_lines": [], "excluded_lines": [], "start_line": 1}}, "classes": {"LogColors": {"executed_lines": [], "summary": {"covered_lines": 0, "num_statements": 0, "percent_covered": 100.0, "percent_covered_display": "100", "missing_lines": 0, "excluded_lines": 0, "percent_statements_covered": 100.0, "percent_statements_covered_display": "100"}, "missing_lines": [], "excluded_lines": [], "start_line": 22}, "ColoredFormatter": {"executed_lines": [59, 62, 63, 66, 69, 71], "summary": {"covered_lines": 6, "num_statements": 6, "percent_covered": 100.0, "percent_covered_display": "100", "missing_lines": 0, "excluded_lines": 0, "percent_statements_covered": 100.0, "percent_statements_covered_display": "100"}, "missing_lines": [], "excluded_lines": [], "start_line": 45}, "LoggerManager": {"executed_lines": [89, 90, 91, 92, 96, 97, 99, 100, 101, 102, 103, 104, 132, 136, 137, 138, 141, 144, 145, 146, 149, 150, 151, 153, 156, 158, 159, 160, 163, 165, 167, 168, 171, 172, 173, 174, 175, 178, 180, 192, 193, 194, 203, 204, 205, 206, 207], "summary": {"covered_lines": 47, "num_statements": 50, "percent_covered": 94.0, "percent_covered_display": "94", "missing_lines": 3, "excluded_lines": 0, "percent_statements_covered": 94.0, "percent_statements_covered_display": "94"}, "missing_lines": [133, 154, 211], "excluded_lines": [], "start_line": 74}, "": {"executed_lines": [14, 15, 16, 17, 18, 22, 25, 26, 29, 30, 31, 32, 33, 34, 35, 36, 39, 40, 41, 42, 45, 48, 56, 74, 85, 87, 94, 106, 182, 196, 209, 215, 218, 236, 239, 254, 263, 270, 273, 279, 281, 284, 286, 289, 291], "summary": {"covered_lines": 45, "num_statements": 46, "percent_covered": 97.82608695652173, "percent_covered_display": "98", "missing_lines": 1, "excluded_lines": 0, "percent_statements_covered": 97.82608695652173, "percent_statements_covered_display": "98"}, "missing_lines": [275], "excluded_lines": [], "start_line": 1}}}, "odoo_fast_report_mapper/_progress.py": {"executed_lines": [6, 7, 8, 10, 13, 40], "summary": {"covered_lines": 6, "num_statements": 6, "percent_covered": 100.0, "percent_covered_display": "100", "missing_lines": 0, "excluded_lines": 0, "percent_statements_covered": 100.0, "percent_statements_covered_display": "100"}, "missing_lines": [], "excluded_lines": [], "functions": {"progress_bar": {"executed_lines": [40], "summary": {"covered_lines": 1, "num_statements": 1, "percent_covered": 100.0, "percent_covered_display": "100", "missing_lines": 0, "excluded_lines": 0, "percent_statements_covered": 100.0, "percent_statements_covered_display": "100"}, "missing_lines": [], "excluded_lines": [], "start_line": 13}, "": {"executed_lines": [6, 7, 8, 10, 13], "summary": {"covered_lines": 5, "num_statements": 5, "percent_covered": 100.0, "percent_covered_display": "100", "missing_lines": 0, "excluded_lines": 0, "percent_statements_covered": 100.0, "percent_statements_covered_display": "100"}, "missing_lines": [], "excluded_lines": [], "start_line": 1}}, "classes": {"": {"executed_lines": [6, 7, 8, 10, 13, 40], "summary": {"covered_lines": 6, "num_statements": 6, "percent_covered": 100.0, "percent_covered_display": "100", "missing_lines": 0, "excluded_lines": 0, "percent_statements_covered": 100.0, "percent_statements_covered_display": "100"}, "missing_lines": [], "excluded_lines": [], "start_line": 1}}}, "odoo_fast_report_mapper/_report.py": {"executed_lines": [6, 7, 10, 12, 32, 33, 34, 35, 36, 37, 38, 39, 40, 41, 42, 43, 44, 45, 46, 47, 48, 49, 50, 51, 52, 53, 55, 59, 60, 85, 86, 104, 105, 111, 113, 123, 124, 125, 127, 137, 138, 139, 141, 145, 147], "summary": {"covered_lines": 45, "num_statements": 45, "percent_covered": 100.0, "percent_covered_display": "100", "missing_lines": 0, "excluded_lines": 0, "percent_statements_covered": 100.0, "percent_statements_covered_display": "100"}, "missing_lines": [], "excluded_lines": [], "functions": {"Report.__init__": {"executed_lines": [32, 33, 34, 35, 36, 37, 38, 39, 40, 41, 42, 43, 44, 45, 46, 47, 48, 49, 50, 51, 52, 53], "summary": {"covered_lines": 22, "num_statements": 22, "percent_covered": 100.0, "percent_covered_display": "100", "missing_lines": 0, "excluded_lines": 0, "percent_statements_covered": 100.0, "percent_statements_covered_display": "100"}, "missing_lines": [], "excluded_lines": [], "start_line": 12}, "Report.self_ensure": {"executed_lines": [59, 60], "summary": {"covered_lines": 2, "num_statements": 2, "percent_covered": 100.0, "percent_covered_display": "100", "missing_lines": 0, "excluded_lines": 0, "percent_statements_covered": 100.0, "percent_statements_covered_display": "100"}, "missing_lines": [], "excluded_lines": [], "start_line": 55}, "Report.ensure_data_for_yaml": {"executed_lines": [86, 104, 105, 111], "summary": {"covered_lines": 4, "num_statements": 4, "percent_covered": 100.0, "percent_covered_display": "100", "missing_lines": 0, "excluded_lines": 0, "percent_statements_covered": 100.0, "percent_statements_covered_display": "100"}, "missing_lines": [], "excluded_lines": [], "start_line": 85}, "Report.add_fields": {"executed_lines": [123, 124, 125], "summary": {"covered_lines": 3, "num_statements": 3, "percent_covered": 100.0, "percent_covered_display": "100", "missing_lines": 0, "excluded_lines": 0, "percent_statements_covered": 100.0, "percent_statements_covered_display": "100"}, "missing_lines": [], "excluded_lines": [], "start_line": 113}, "Report.add_calculated_fields": {"executed_lines": [137, 138, 139], "summary": {"covered_lines": 3, "num_statements": 3, "percent_covered": 100.0, "percent_covered_display": "100", "missing_lines": 0, "excluded_lines": 0, "percent_statements_covered": 100.0, "percent_statements_covered_display": "100"}, "missing_lines": [], "excluded_lines": [], "start_line": 127}, "Report.add_dependencies": {"executed_lines": [145, 147], "summary": {"covered_lines": 2, "num_statements": 2, "percent_covered": 100.0, "percent_covered_display": "100", "missing_lines": 0, "excluded_lines": 0, "percent_statements_covered": 100.0, "percent_statements_covered_display": "100"}, "missing_lines": [], "excluded_lines": [], "start_line": 141}, "": {"executed_lines": [6, 7, 10, 12, 55, 85, 113, 127, 141], "summary": {"covered_lines": 9, "num_statements": 9, "percent_covered": 100.0, "percent_covered_display": "100", "missing_lines": 0, "excluded_lines": 0, "percent_statements_covered": 100.0, "percent_statements_covered_display": "100"}, "missing_lines": [], "excluded_lines": [], "start_line": 1}}, "classes": {"Report": {"executed_lines": [32, 33, 34, 35, 36, 37, 38, 39, 40, 41, 42, 43, 44, 45, 46, 47, 48, 49, 50, 51, 52, 53, 59, 60, 86, 104, 105, 111, 123, 124, 125, 137, 138, 139, 145, 147], "summary": {"covered_lines": 36, "num_statements": 36, "percent_covered": 100.0, "percent_covered_display": "100", "missing_lines": 0, "excluded_lines": 0, "percent_statements_covered": 100.0, "percent_statements_covered_display": "100"}, "missing_lines": [], "excluded_lines": [], "start_line": 10}, "": {"executed_lines": [6, 7, 10, 12, 55, 85, 113, 127, 141], "summary": {"covered_lines": 9, "num_statements": 9, "percent_covered": 100.0, "percent_covered_display": "100", "missing_lines": 0, "excluded_lines": 0, "percent_statements_covered": 100.0, "percent_statements_covered_display": "100"}, "missing_lines": [], "excluded_lines": [], "start_line": 1}}}, "odoo_fast_report_mapper/_utils.py": {"executed_lines": [12, 13, 14, 15, 17, 18, 19, 21, 22, 23, 25, 27, 66, 69, 76, 77, 80, 81, 82, 83, 84, 85, 87, 88, 89, 90, 97, 98, 100, 101, 103, 104, 106, 107, 110, 120, 127, 128, 129, 130, 133, 140, 141, 142, 143, 144, 145, 146, 149, 156, 157, 158, 160, 161, 162, 163, 165, 168, 169, 170, 171, 174, 181, 189, 202, 203, 205, 207, 208, 210, 211, 213, 214, 217, 225, 228, 230, 231, 232, 234, 235, 236, 237, 256, 259, 282, 290, 291, 292, 293, 294, 297, 307, 308, 309, 310, 311, 312, 313, 314, 315, 317, 318, 321, 328, 329, 330, 331, 339, 342, 349, 350, 351, 352, 353, 356, 380, 383, 385, 386, 388, 390, 391, 392, 394, 395, 410, 419, 420, 421, 422, 423, 424, 427, 428, 429, 430, 434, 435, 436, 437, 438, 439, 441, 442, 443, 446, 447, 448, 449, 450, 451, 452, 453, 454, 455, 458, 463, 468, 469, 470, 475, 476, 483, 496, 499], "summary": {"covered_lines": 166, "num_statements": 193, "percent_covered": 86.01036269430051, "percent_covered_display": "86", "missing_lines": 27, "excluded_lines": 0, "percent_statements_covered": 86.01036269430051, "percent_statements_covered_display": "86"}, "missing_lines": [78, 116, 117, 166, 167, 266, 268, 279, 398, 399, 400, 401, 402, 404, 405, 406, 407, 471, 472, 473, 509, 510, 511, 512, 515, 516, 517], "excluded_lines": [], "functions": {"prepare_connection": {"executed_lines": [76, 77, 80, 81, 82, 83, 84, 85, 87, 88, 89, 90, 97, 98, 100, 101, 103, 104, 106, 107], "summary": {"covered_lines": 20, "num_statements": 21, "percent_covered": 95.23809523809524, "percent_covered_display": "95", "missing_lines": 1, "excluded_lines": 0, "percent_statements_covered": 95.23809523809524, "percent_statements_covered_display": "95"}, "missing_lines": [78], "excluded_lines": [], "start_line": 69}, "fire_all_functions": {"executed_lines": [], "summary": {"covered_lines": 0, "num_statements": 2, "percent_covered": 0.0, "percent_covered_display": "0", "missing_lines": 2, "excluded_lines": 0, "percent_statements_covered": 0.0, "percent_statements_covered_display": "0"}, "missing_lines": [116, 117], "excluded_lines": [], "start_line": 110}, "self_clean": {"executed_lines": [127, 128, 129, 130], "summary": {"covered_lines": 4, "num_statements": 4, "percent_covered": 100.0, "percent_covered_display": "100", "missing_lines": 0, "excluded_lines": 0, "percent_statements_covered": 100.0, "percent_statements_covered_display": "100"}, "missing_lines": [], "excluded_lines": [], "start_line": 120}, "parse_yaml": {"executed_lines": [140, 141, 142, 143, 144, 145, 146], "summary": {"covered_lines": 7, "num_statements": 7, "percent_covered": 100.0, "percent_covered_display": "100", "missing_lines": 0, "excluded_lines": 0, "percent_statements_covered": 100.0, "percent_statements_covered_display": "100"}, "missing_lines": [], "excluded_lines": [], "start_line": 133}, "parse_yaml_folder_with_filenames": {"executed_lines": [156, 157, 158, 160, 161, 162, 163, 165, 168, 169, 170, 171], "summary": {"covered_lines": 12, "num_statements": 14, "percent_covered": 85.71428571428571, "percent_covered_display": "86", "missing_lines": 2, "excluded_lines": 0, "percent_statements_covered": 85.71428571428571, "percent_statements_covered_display": "86"}, "missing_lines": [166, 167], "excluded_lines": [], "start_line": 149}, "parse_yaml_folder": {"executed_lines": [181], "summary": {"covered_lines": 1, "num_statements": 1, "percent_covered": 100.0, "percent_covered_display": "100", "missing_lines": 0, "excluded_lines": 0, "percent_statements_covered": 100.0, "percent_statements_covered_display": "100"}, "missing_lines": [], "excluded_lines": [], "start_line": 174}, "generate_env_template": {"executed_lines": [202, 203, 205, 207, 208, 210, 211, 213, 214], "summary": {"covered_lines": 9, "num_statements": 9, "percent_covered": 100.0, "percent_covered_display": "100", "missing_lines": 0, "excluded_lines": 0, "percent_statements_covered": 100.0, "percent_statements_covered_display": "100"}, "missing_lines": [], "excluded_lines": [], "start_line": 189}, "create_report_object_from_yaml_object": {"executed_lines": [225, 228, 230, 231, 232, 234, 235, 236, 237, 256], "summary": {"covered_lines": 10, "num_statements": 10, "percent_covered": 100.0, "percent_covered_display": "100", "missing_lines": 0, "excluded_lines": 0, "percent_statements_covered": 100.0, "percent_statements_covered_display": "100"}, "missing_lines": [], "excluded_lines": [], "start_line": 217}, "create_odoo_connection_from_yaml_object": {"executed_lines": [], "summary": {"covered_lines": 0, "num_statements": 3, "percent_covered": 0.0, "percent_covered_display": "0", "missing_lines": 3, "excluded_lines": 0, "percent_statements_covered": 0.0, "percent_statements_covered_display": "0"}, "missing_lines": [266, 268, 279], "excluded_lines": [], "start_line": 259}, "convert_all_yaml_objects": {"executed_lines": [290, 291, 292, 293, 294], "summary": {"covered_lines": 5, "num_statements": 5, "percent_covered": 100.0, "percent_covered_display": "100", "missing_lines": 0, "excluded_lines": 0, "percent_statements_covered": 100.0, "percent_statements_covered_display": "100"}, "missing_lines": [], "excluded_lines": [], "start_line": 282}, "build_reports_from_yaml_objects": {"executed_lines": [307, 308, 309, 310, 311, 312, 313, 314, 315, 317, 318], "summary": {"covered_lines": 11, "num_statements": 11, "percent_covered": 100.0, "percent_covered_display": "100", "missing_lines": 0, "excluded_lines": 0, "percent_statements_covered": 100.0, "percent_statements_covered_display": "100"}, "missing_lines": [], "excluded_lines": [], "start_line": 297}, "list_yaml_reports": {"executed_lines": [328, 329, 330, 331, 339], "summary": {"covered_lines": 5, "num_statements": 5, "percent_covered": 100.0, "percent_covered_display": "100", "missing_lines": 0, "excluded_lines": 0, "percent_statements_covered": 100.0, "percent_statements_covered_display": "100"}, "missing_lines": [], "excluded_lines": [], "start_line": 321}, "collect_all_reports": {"executed_lines": [349, 350, 351, 352, 353], "summary": {"covered_lines": 5, "num_statements": 5, "percent_covered": 100.0, "percent_covered_display": "100", "missing_lines": 0, "excluded_lines": 0, "percent_statements_covered": 100.0, "percent_statements_covered_display": "100"}, "missing_lines": [], "excluded_lines": [], "start_line": 342}, "create_connection_from_env": {"executed_lines": [380, 383, 385, 386, 388, 390, 391, 392, 394, 395, 410, 419, 420, 421, 422, 423, 424, 427, 428, 429, 430, 434, 435, 436, 437, 438, 439, 441, 442, 443, 446, 447, 448, 449, 450, 451, 452, 453, 454, 455, 458, 463, 468, 469, 470, 475, 476, 483, 496], "summary": {"covered_lines": 49, "num_statements": 61, "percent_covered": 80.32786885245902, "percent_covered_display": "80", "missing_lines": 12, "excluded_lines": 0, "percent_statements_covered": 80.32786885245902, "percent_statements_covered_display": "80"}, "missing_lines": [398, 399, 400, 401, 402, 404, 405, 406, 407, 471, 472, 473], "excluded_lines": [], "start_line": 356}, "collect_all_connections": {"executed_lines": [], "summary": {"covered_lines": 0, "num_statements": 7, "percent_covered": 0.0, "percent_covered_display": "0", "missing_lines": 7, "excluded_lines": 0, "percent_statements_covered": 0.0, "percent_statements_covered_display": "0"}, "missing_lines": [509, 510, 511, 512, 515, 516, 517], "excluded_lines": [], "start_line": 499}, "": {"executed_lines": [12, 13, 14, 15, 17, 18, 19, 21, 22, 23, 25, 27, 66, 69, 110, 120, 133, 149, 174, 189, 217, 259, 282, 297, 321, 342, 356, 499], "summary": {"covered_lines": 28, "num_statements": 28, "percent_covered": 100.0, "percent_covered_display": "100", "missing_lines": 0, "excluded_lines": 0, "percent_statements_covered": 100.0, "percent_statements_covered_display": "100"}, "missing_lines": [], "excluded_lines": [], "start_line": 1}}, "classes": {"": {"executed_lines": [12, 13, 14, 15, 17, 18, 19, 21, 22, 23, 25, 27, 66, 69, 76, 77, 80, 81, 82, 83, 84, 85, 87, 88, 89, 90, 97, 98, 100, 101, 103, 104, 106, 107, 110, 120, 127, 128, 129, 130, 133, 140, 141, 142, 143, 144, 145, 146, 149, 156, 157, 158, 160, 161, 162, 163, 165, 168, 169, 170, 171, 174, 181, 189, 202, 203, 205, 207, 208, 210, 211, 213, 214, 217, 225, 228, 230, 231, 232, 234, 235, 236, 237, 256, 259, 282, 290, 291, 292, 293, 294, 297, 307, 308, 309, 310, 311, 312, 313, 314, 315, 317, 318, 321, 328, 329, 330, 331, 339, 342, 349, 350, 351, 352, 353, 356, 380, 383, 385, 386, 388, 390, 391, 392, 394, 395, 410, 419, 420, 421, 422, 423, 424, 427, 428, 429, 430, 434, 435, 436, 437, 438, 439, 441, 442, 443, 446, 447, 448, 449, 450, 451, 452, 453, 454, 455, 458, 463, 468, 469, 470, 475, 476, 483, 496, 499], "summary": {"covered_lines": 166, "num_statements": 193, "percent_covered": 86.01036269430051, "percent_covered_display": "86", "missing_lines": 27, "excluded_lines": 0, "percent_statements_covered": 86.01036269430051, "percent_statements_covered_display": "86"}, "missing_lines": [78, 116, 117, 166, 167, 266, 268, 279, 398, 399, 400, 401, 402, 404, 405, 406, 407, 471, 472, 473, 509, 510, 511, 512, 515, 516, 517], "excluded_lines": [], "start_line": 1}}}, "odoo_fast_report_mapper/_yaml_dumper.py": {"executed_lines": [6, 9, 12, 13], "summary": {"covered_lines": 4, "num_statements": 4, "percent_covered": 100.0, "percent_covered_display": "100", "missing_lines": 0, "excluded_lines": 0, "percent_statements_covered": 100.0, "percent_statements_covered_display": "100"}, "missing_lines": [], "excluded_lines": [], "functions": {"YAMLDumper.increase_indent": {"executed_lines": [13], "summary": {"covered_lines": 1, "num_statements": 1, "percent_covered": 100.0, "percent_covered_display": "100", "missing_lines": 0, "excluded_lines": 0, "percent_statements_covered": 100.0, "percent_statements_covered_display": "100"}, "missing_lines": [], "excluded_lines": [], "start_line": 12}, "": {"executed_lines": [6, 9, 12], "summary": {"covered_lines": 3, "num_statements": 3, "percent_covered": 100.0, "percent_covered_display": "100", "missing_lines": 0, "excluded_lines": 0, "percent_statements_covered": 100.0, "percent_statements_covered_display": "100"}, "missing_lines": [], "excluded_lines": [], "start_line": 1}}, "classes": {"YAMLDumper": {"executed_lines": [13], "summary": {"covered_lines": 1, "num_statements": 1, "percent_covered": 100.0, "percent_covered_display": "100", "missing_lines": 0, "excluded_lines": 0, "percent_statements_covered": 100.0, "percent_statements_covered_display": "100"}, "missing_lines": [], "excluded_lines": [], "start_line": 9}, "": {"executed_lines": [6, 9, 12], "summary": {"covered_lines": 3, "num_statements": 3, "percent_covered": 100.0, "percent_covered_display": "100", "missing_lines": 0, "excluded_lines": 0, "percent_statements_covered": 100.0, "percent_statements_covered_display": "100"}, "missing_lines": [], "excluded_lines": [], "start_line": 1}}}}, "totals": {"covered_lines": 938, "num_statements": 1025, "percent_covered": 91.51219512195122, "percent_covered_display": "92", "missing_lines": 87, "excluded_lines": 2, "percent_statements_covered": 91.51219512195122, "percent_statements_covered_display": "92"}}