{"meta": {"format": 3, "version": "7.13.5", "timestamp": "2026-05-28T14:53:26.075686", "branch_coverage": false, "show_contexts": false}, "files": {"odoo_fast_report_mapper/__init__.py": {"executed_lines": [1, 2, 3, 4, 16], "summary": {"covered_lines": 5, "num_statements": 5, "percent_covered": 100.0, "percent_covered_display": "100", "missing_lines": 0, "excluded_lines": 0, "percent_statements_covered": 100.0, "percent_statements_covered_display": "100"}, "missing_lines": [], "excluded_lines": [], "functions": {"": {"executed_lines": [1, 2, 3, 4, 16], "summary": {"covered_lines": 5, "num_statements": 5, "percent_covered": 100.0, "percent_covered_display": "100", "missing_lines": 0, "excluded_lines": 0, "percent_statements_covered": 100.0, "percent_statements_covered_display": "100"}, "missing_lines": [], "excluded_lines": [], "start_line": 1}}, "classes": {"": {"executed_lines": [1, 2, 3, 4, 16], "summary": {"covered_lines": 5, "num_statements": 5, "percent_covered": 100.0, "percent_covered_display": "100", "missing_lines": 0, "excluded_lines": 0, "percent_statements_covered": 100.0, "percent_statements_covered_display": "100"}, "missing_lines": [], "excluded_lines": [], "start_line": 1}}}, "odoo_fast_report_mapper/__version__.py": {"executed_lines": [10, 11, 14, 15, 16, 17, 18, 19, 20], "summary": {"covered_lines": 9, "num_statements": 9, "percent_covered": 100.0, "percent_covered_display": "100", "missing_lines": 0, "excluded_lines": 0, "percent_statements_covered": 100.0, "percent_statements_covered_display": "100"}, "missing_lines": [], "excluded_lines": [], "functions": {"": {"executed_lines": [10, 11, 14, 15, 16, 17, 18, 19, 20], "summary": {"covered_lines": 9, "num_statements": 9, "percent_covered": 100.0, "percent_covered_display": "100", "missing_lines": 0, "excluded_lines": 0, "percent_statements_covered": 100.0, "percent_statements_covered_display": "100"}, "missing_lines": [], "excluded_lines": [], "start_line": 1}}, "classes": {"": {"executed_lines": [10, 11, 14, 15, 16, 17, 18, 19, 20], "summary": {"covered_lines": 9, "num_statements": 9, "percent_covered": 100.0, "percent_covered_display": "100", "missing_lines": 0, "excluded_lines": 0, "percent_statements_covered": 100.0, "percent_statements_covered_display": "100"}, "missing_lines": [], "excluded_lines": [], "start_line": 1}}}, "odoo_fast_report_mapper/eq_odoo_connection.py": {"executed_lines": [3, 4, 5, 7, 8, 10, 11, 13, 14, 15, 17, 20, 23, 24, 27, 28, 40, 41, 42, 43, 44, 45, 46, 47, 49, 58, 59, 60, 61, 62, 65, 66, 71, 77, 78, 79, 80, 81, 82, 89, 90, 92, 104, 105, 106, 107, 108, 109, 110, 111, 112, 115, 116, 117, 119, 120, 122, 123, 124, 125, 127, 129, 130, 131, 132, 133, 134, 135, 136, 137, 138, 139, 141, 146, 147, 148, 149, 150, 151, 152, 153, 154, 156, 162, 163, 164, 165, 166, 167, 170, 171, 173, 174, 175, 176, 177, 178, 179, 180, 182, 183, 184, 185, 186, 187, 188, 190, 191, 193, 209, 211, 213, 214, 216, 217, 218, 221, 222, 225, 226, 227, 228, 229, 230, 231, 232, 233, 234, 235, 242, 246, 247, 248, 249, 251, 252, 254, 256, 258, 260, 269, 270, 271, 272, 275, 276, 278, 279, 280, 281, 284, 285, 286, 288, 302, 303, 306, 308, 309, 311, 312, 313, 314, 316, 317, 319, 320, 321, 322, 325, 326, 327, 328, 329, 333, 334, 336, 338, 339, 340, 341, 342, 343, 352, 360, 361, 362, 363, 364, 365, 374, 375, 376, 379, 384, 386, 403, 404, 405, 406, 407, 412, 413, 414, 415, 416, 417, 419, 420, 421, 422, 423, 424, 427, 428, 430, 432, 439, 444, 445, 447, 448, 450, 453, 455, 457, 459, 460, 461, 463, 464, 465, 467, 478, 480, 482, 484, 491, 496, 497, 498, 500, 502, 505, 506, 507, 511, 513, 515, 516, 521, 522, 524, 528, 530, 531, 532, 533, 536, 537, 538, 539, 558, 565, 567, 568, 571, 572, 574, 575, 578, 580, 583, 585, 586, 587, 588, 589, 590, 591, 592, 593, 594, 598, 599, 600, 601, 602, 603, 604, 605, 609, 611, 612, 614, 622, 624, 625, 626, 627, 628, 631, 633, 634, 637, 638, 640, 642, 643, 644, 645, 646, 647, 648, 650, 652, 653, 654, 656, 657, 658, 659, 660, 661, 662, 663, 664, 665, 666, 667, 668, 669, 670, 671, 672, 674, 675, 677, 678, 680, 682, 701, 703, 710, 711, 720, 721, 723, 724, 726, 734, 735, 736, 737, 750, 751, 753, 755, 756, 757, 759, 762, 764, 766, 767, 768, 769, 770, 772, 775, 780, 781, 783, 784, 785, 786, 788, 790, 791, 792, 801, 802, 803, 804], "summary": {"covered_lines": 384, "num_statements": 418, "percent_covered": 91.86602870813397, "percent_covered_display": "92", "missing_lines": 34, "excluded_lines": 0, "percent_statements_covered": 91.86602870813397, "percent_statements_covered_display": "92"}, "missing_lines": [63, 64, 121, 126, 219, 331, 380, 381, 382, 451, 503, 512, 540, 544, 552, 555, 557, 576, 577, 581, 582, 595, 596, 635, 639, 651, 676, 679, 738, 739, 740, 741, 748, 782], "excluded_lines": [], "functions": {"YAMLDumper.increase_indent": {"executed_lines": [24], "summary": {"covered_lines": 1, "num_statements": 1, "percent_covered": 100.0, "percent_covered_display": "100", "missing_lines": 0, "excluded_lines": 0, "percent_statements_covered": 100.0, "percent_statements_covered_display": "100"}, "missing_lines": [], "excluded_lines": [], "start_line": 23}, "EqOdooConnection.__init__": {"executed_lines": [40, 41, 42, 43, 44, 45, 46, 47], "summary": {"covered_lines": 8, "num_statements": 8, "percent_covered": 100.0, "percent_covered_display": "100", "missing_lines": 0, "excluded_lines": 0, "percent_statements_covered": 100.0, "percent_statements_covered_display": "100"}, "missing_lines": [], "excluded_lines": [], "start_line": 28}, "EqOdooConnection.check_api_key_compatibility": {"executed_lines": [58, 59, 60, 61, 62, 65, 66], "summary": {"covered_lines": 7, "num_statements": 9, "percent_covered": 77.77777777777777, "percent_covered_display": "78", "missing_lines": 2, "excluded_lines": 0, "percent_statements_covered": 77.77777777777777, "percent_statements_covered_display": "78"}, "missing_lines": [63, 64], "excluded_lines": [], "start_line": 49}, "EqOdooConnection.get_installed_languages": {"executed_lines": [77, 78, 79, 80, 81, 82, 89, 90], "summary": {"covered_lines": 8, "num_statements": 8, "percent_covered": 100.0, "percent_covered_display": "100", "missing_lines": 0, "excluded_lines": 0, "percent_statements_covered": 100.0, "percent_statements_covered_display": "100"}, "missing_lines": [], "excluded_lines": [], "start_line": 71}, "EqOdooConnection.get_company_language": {"executed_lines": [104, 105, 106, 107, 108, 109, 110, 111, 112, 115, 116, 117], "summary": {"covered_lines": 12, "num_statements": 12, "percent_covered": 100.0, "percent_covered_display": "100", "missing_lines": 0, "excluded_lines": 0, "percent_statements_covered": 100.0, "percent_statements_covered_display": "100"}, "missing_lines": [], "excluded_lines": [], "start_line": 92}, "EqOdooConnection._search_report_v13": {"executed_lines": [120, 122, 123, 124, 125, 127], "summary": {"covered_lines": 6, "num_statements": 8, "percent_covered": 75.0, "percent_covered_display": "75", "missing_lines": 2, "excluded_lines": 0, "percent_statements_covered": 75.0, "percent_statements_covered_display": "75"}, "missing_lines": [121, 126], "excluded_lines": [], "start_line": 119}, "EqOdooConnection._search_report": {"executed_lines": [130, 131, 132, 133, 134, 135, 136, 137, 138, 139], "summary": {"covered_lines": 10, "num_statements": 10, "percent_covered": 100.0, "percent_covered_display": "100", "missing_lines": 0, "excluded_lines": 0, "percent_statements_covered": 100.0, "percent_statements_covered_display": "100"}, "missing_lines": [], "excluded_lines": [], "start_line": 129}, "EqOdooConnection.check_dependencies": {"executed_lines": [146, 147, 148, 149, 150, 151, 152, 153, 154], "summary": {"covered_lines": 9, "num_statements": 9, "percent_covered": 100.0, "percent_covered_display": "100", "missing_lines": 0, "excluded_lines": 0, "percent_statements_covered": 100.0, "percent_statements_covered_display": "100"}, "missing_lines": [], "excluded_lines": [], "start_line": 141}, "EqOdooConnection.map_reports": {"executed_lines": [162, 163, 164, 165, 166, 167, 170, 171, 173, 174, 175, 176, 177, 178, 179, 180, 182, 183, 184, 185, 186, 187, 188, 190, 191], "summary": {"covered_lines": 25, "num_statements": 25, "percent_covered": 100.0, "percent_covered_display": "100", "missing_lines": 0, "excluded_lines": 0, "percent_statements_covered": 100.0, "percent_statements_covered_display": "100"}, "missing_lines": [], "excluded_lines": [], "start_line": 156}, "EqOdooConnection._create_or_update_report": {"executed_lines": [209, 211, 213, 214, 216, 217, 218, 221, 222, 225, 226, 227, 228, 229, 230, 231, 232, 233, 234, 235, 242, 246, 247, 248, 249, 251, 252, 254, 256, 258], "summary": {"covered_lines": 30, "num_statements": 31, "percent_covered": 96.7741935483871, "percent_covered_display": "97", "missing_lines": 1, "excluded_lines": 0, "percent_statements_covered": 96.7741935483871, "percent_statements_covered_display": "97"}, "missing_lines": [219], "excluded_lines": [], "start_line": 193}, "EqOdooConnection._set_report_translations": {"executed_lines": [269, 270, 271, 272, 275, 276, 278, 279, 280, 281, 284, 285, 286], "summary": {"covered_lines": 13, "num_statements": 13, "percent_covered": 100.0, "percent_covered_display": "100", "missing_lines": 0, "excluded_lines": 0, "percent_statements_covered": 100.0, "percent_statements_covered_display": "100"}, "missing_lines": [], "excluded_lines": [], "start_line": 260}, "EqOdooConnection._map_report_fields": {"executed_lines": [302, 303, 306, 308, 309, 311, 312, 313, 314, 316, 317, 319, 320, 321, 322, 325, 326, 327, 328, 329, 333, 334, 336, 338, 339, 340, 341, 342, 343], "summary": {"covered_lines": 29, "num_statements": 30, "percent_covered": 96.66666666666667, "percent_covered_display": "97", "missing_lines": 1, "excluded_lines": 0, "percent_statements_covered": 96.66666666666667, "percent_statements_covered_display": "97"}, "missing_lines": [331], "excluded_lines": [], "start_line": 288}, "EqOdooConnection._write_field_mappings": {"executed_lines": [360, 361, 362, 363, 364, 365, 374, 375, 376, 379, 384], "summary": {"covered_lines": 11, "num_statements": 14, "percent_covered": 78.57142857142857, "percent_covered_display": "79", "missing_lines": 3, "excluded_lines": 0, "percent_statements_covered": 78.57142857142857, "percent_statements_covered_display": "79"}, "missing_lines": [380, 381, 382], "excluded_lines": [], "start_line": 352}, "EqOdooConnection.set_calculated_fields": {"executed_lines": [403, 404, 405, 406, 407, 412, 413, 414, 415, 416, 417, 419, 420, 421, 422, 423, 424, 427, 428, 430], "summary": {"covered_lines": 20, "num_statements": 20, "percent_covered": 100.0, "percent_covered_display": "100", "missing_lines": 0, "excluded_lines": 0, "percent_statements_covered": 100.0, "percent_statements_covered_display": "100"}, "missing_lines": [], "excluded_lines": [], "start_line": 386}, "EqOdooConnection.list_fast_reports": {"executed_lines": [439, 444, 445, 447, 448, 450, 453, 455, 457, 459, 460, 461, 463, 464, 465, 467, 478], "summary": {"covered_lines": 17, "num_statements": 18, "percent_covered": 94.44444444444444, "percent_covered_display": "94", "missing_lines": 1, "excluded_lines": 0, "percent_statements_covered": 94.44444444444444, "percent_statements_covered_display": "94"}, "missing_lines": [451], "excluded_lines": [], "start_line": 432}, "EqOdooConnection.collect_all_report_entries": {"executed_lines": [482], "summary": {"covered_lines": 1, "num_statements": 1, "percent_covered": 100.0, "percent_covered_display": "100", "missing_lines": 0, "excluded_lines": 0, "percent_statements_covered": 100.0, "percent_statements_covered_display": "100"}, "missing_lines": [], "excluded_lines": [], "start_line": 480}, "EqOdooConnection.collect_report_entries": {"executed_lines": [491, 496, 497, 498, 500, 502, 505, 506, 507, 511, 513, 515, 516, 521, 522, 524, 528, 530, 531, 532, 533, 536, 537, 538, 539, 558, 565, 567, 568, 571, 572, 574, 575, 578, 580, 583], "summary": {"covered_lines": 36, "num_statements": 47, "percent_covered": 76.59574468085107, "percent_covered_display": "77", "missing_lines": 11, "excluded_lines": 0, "percent_statements_covered": 76.59574468085107, "percent_statements_covered_display": "77"}, "missing_lines": [503, 512, 540, 544, 552, 555, 557, 576, 577, 581, 582], "excluded_lines": [], "start_line": 484}, "EqOdooConnection.add_field_to_dictionary": {"executed_lines": [586, 587, 588, 589, 590, 591, 592, 593, 594, 598, 599, 600, 601, 602, 603, 604, 605, 609, 611, 612], "summary": {"covered_lines": 20, "num_statements": 22, "percent_covered": 90.9090909090909, "percent_covered_display": "91", "missing_lines": 2, "excluded_lines": 0, "percent_statements_covered": 90.9090909090909, "percent_statements_covered_display": "91"}, "missing_lines": [595, 596], "excluded_lines": [], "start_line": 585}, "EqOdooConnection._collect_calculated_fields": {"executed_lines": [622, 624, 625, 626, 627, 628, 631], "summary": {"covered_lines": 7, "num_statements": 7, "percent_covered": 100.0, "percent_covered_display": "100", "missing_lines": 0, "excluded_lines": 0, "percent_statements_covered": 100.0, "percent_statements_covered_display": "100"}, "missing_lines": [], "excluded_lines": [], "start_line": 614}, "EqOdooConnection.create_eq_report_object": {"executed_lines": [634, 637, 638, 640, 642, 643, 644, 645, 646, 647, 648, 650, 652, 653, 654, 656, 657, 658, 659, 660, 661, 662, 663, 664, 665, 666, 667, 668, 669, 670, 671, 672, 674, 675, 677, 678, 680, 682, 701], "summary": {"covered_lines": 39, "num_statements": 44, "percent_covered": 88.63636363636364, "percent_covered_display": "89", "missing_lines": 5, "excluded_lines": 0, "percent_statements_covered": 88.63636363636364, "percent_statements_covered_display": "89"}, "missing_lines": [635, 639, 651, 676, 679], "excluded_lines": [], "start_line": 633}, "EqOdooConnection.write_yaml": {"executed_lines": [710, 711], "summary": {"covered_lines": 2, "num_statements": 2, "percent_covered": 100.0, "percent_covered_display": "100", "missing_lines": 0, "excluded_lines": 0, "percent_statements_covered": 100.0, "percent_statements_covered_display": "100"}, "missing_lines": [], "excluded_lines": [], "start_line": 703}, "EqOdooConnection.is_boolean": {"executed_lines": [721], "summary": {"covered_lines": 1, "num_statements": 1, "percent_covered": 100.0, "percent_covered_display": "100", "missing_lines": 0, "excluded_lines": 0, "percent_statements_covered": 100.0, "percent_statements_covered_display": "100"}, "missing_lines": [], "excluded_lines": [], "start_line": 720}, "EqOdooConnection.is_dict": {"executed_lines": [724], "summary": {"covered_lines": 1, "num_statements": 1, "percent_covered": 100.0, "percent_covered_display": "100", "missing_lines": 0, "excluded_lines": 0, "percent_statements_covered": 100.0, "percent_statements_covered_display": "100"}, "missing_lines": [], "excluded_lines": [], "start_line": 723}, "EqOdooConnection.test_fast_report_rendering": {"executed_lines": [734, 735, 736, 737, 750, 751, 753, 755, 756, 757, 759, 762, 764, 766, 767, 768, 769, 770, 772, 775, 780, 781, 783, 784, 785, 786, 788], "summary": {"covered_lines": 27, "num_statements": 33, "percent_covered": 81.81818181818181, "percent_covered_display": "82", "missing_lines": 6, "excluded_lines": 0, "percent_statements_covered": 81.81818181818181, "percent_statements_covered_display": "82"}, "missing_lines": [738, 739, 740, 741, 748, 782], "excluded_lines": [], "start_line": 726}, "EqOdooConnection.disable_qweb_reports": {"executed_lines": [791, 792, 801, 802, 803, 804], "summary": {"covered_lines": 6, "num_statements": 6, "percent_covered": 100.0, "percent_covered_display": "100", "missing_lines": 0, "excluded_lines": 0, "percent_statements_covered": 100.0, "percent_statements_covered_display": "100"}, "missing_lines": [], "excluded_lines": [], "start_line": 790}, "": {"executed_lines": [3, 4, 5, 7, 8, 10, 11, 13, 14, 15, 17, 20, 23, 27, 28, 49, 71, 92, 119, 129, 141, 156, 193, 260, 288, 352, 386, 432, 480, 484, 585, 614, 633, 703, 720, 723, 726, 790], "summary": {"covered_lines": 38, "num_statements": 38, "percent_covered": 100.0, "percent_covered_display": "100", "missing_lines": 0, "excluded_lines": 0, "percent_statements_covered": 100.0, "percent_statements_covered_display": "100"}, "missing_lines": [], "excluded_lines": [], "start_line": 1}}, "classes": {"YAMLDumper": {"executed_lines": [24], "summary": {"covered_lines": 1, "num_statements": 1, "percent_covered": 100.0, "percent_covered_display": "100", "missing_lines": 0, "excluded_lines": 0, "percent_statements_covered": 100.0, "percent_statements_covered_display": "100"}, "missing_lines": [], "excluded_lines": [], "start_line": 20}, "EqOdooConnection": {"executed_lines": [40, 41, 42, 43, 44, 45, 46, 47, 58, 59, 60, 61, 62, 65, 66, 77, 78, 79, 80, 81, 82, 89, 90, 104, 105, 106, 107, 108, 109, 110, 111, 112, 115, 116, 117, 120, 122, 123, 124, 125, 127, 130, 131, 132, 133, 134, 135, 136, 137, 138, 139, 146, 147, 148, 149, 150, 151, 152, 153, 154, 162, 163, 164, 165, 166, 167, 170, 171, 173, 174, 175, 176, 177, 178, 179, 180, 182, 183, 184, 185, 186, 187, 188, 190, 191, 209, 211, 213, 214, 216, 217, 218, 221, 222, 225, 226, 227, 228, 229, 230, 231, 232, 233, 234, 235, 242, 246, 247, 248, 249, 251, 252, 254, 256, 258, 269, 270, 271, 272, 275, 276, 278, 279, 280, 281, 284, 285, 286, 302, 303, 306, 308, 309, 311, 312, 313, 314, 316, 317, 319, 320, 321, 322, 325, 326, 327, 328, 329, 333, 334, 336, 338, 339, 340, 341, 342, 343, 360, 361, 362, 363, 364, 365, 374, 375, 376, 379, 384, 403, 404, 405, 406, 407, 412, 413, 414, 415, 416, 417, 419, 420, 421, 422, 423, 424, 427, 428, 430, 439, 444, 445, 447, 448, 450, 453, 455, 457, 459, 460, 461, 463, 464, 465, 467, 478, 482, 491, 496, 497, 498, 500, 502, 505, 506, 507, 511, 513, 515, 516, 521, 522, 524, 528, 530, 531, 532, 533, 536, 537, 538, 539, 558, 565, 567, 568, 571, 572, 574, 575, 578, 580, 583, 586, 587, 588, 589, 590, 591, 592, 593, 594, 598, 599, 600, 601, 602, 603, 604, 605, 609, 611, 612, 622, 624, 625, 626, 627, 628, 631, 634, 637, 638, 640, 642, 643, 644, 645, 646, 647, 648, 650, 652, 653, 654, 656, 657, 658, 659, 660, 661, 662, 663, 664, 665, 666, 667, 668, 669, 670, 671, 672, 674, 675, 677, 678, 680, 682, 701, 710, 711, 721, 724, 734, 735, 736, 737, 750, 751, 753, 755, 756, 757, 759, 762, 764, 766, 767, 768, 769, 770, 772, 775, 780, 781, 783, 784, 785, 786, 788, 791, 792, 801, 802, 803, 804], "summary": {"covered_lines": 345, "num_statements": 379, "percent_covered": 91.02902374670185, "percent_covered_display": "91", "missing_lines": 34, "excluded_lines": 0, "percent_statements_covered": 91.02902374670185, "percent_statements_covered_display": "91"}, "missing_lines": [63, 64, 121, 126, 219, 331, 380, 381, 382, 451, 503, 512, 540, 544, 552, 555, 557, 576, 577, 581, 582, 595, 596, 635, 639, 651, 676, 679, 738, 739, 740, 741, 748, 782], "excluded_lines": [], "start_line": 27}, "": {"executed_lines": [3, 4, 5, 7, 8, 10, 11, 13, 14, 15, 17, 20, 23, 27, 28, 49, 71, 92, 119, 129, 141, 156, 193, 260, 288, 352, 386, 432, 480, 484, 585, 614, 633, 703, 720, 723, 726, 790], "summary": {"covered_lines": 38, "num_statements": 38, "percent_covered": 100.0, "percent_covered_display": "100", "missing_lines": 0, "excluded_lines": 0, "percent_statements_covered": 100.0, "percent_statements_covered_display": "100"}, "missing_lines": [], "excluded_lines": [], "start_line": 1}}}, "odoo_fast_report_mapper/eq_report.py": {"executed_lines": [4, 6, 9, 10, 30, 31, 32, 33, 34, 35, 36, 37, 38, 39, 40, 41, 42, 43, 44, 45, 46, 47, 48, 49, 50, 51, 53, 57, 58, 83, 84, 102, 103, 109], "summary": {"covered_lines": 34, "num_statements": 34, "percent_covered": 100.0, "percent_covered_display": "100", "missing_lines": 0, "excluded_lines": 0, "percent_statements_covered": 100.0, "percent_statements_covered_display": "100"}, "missing_lines": [], "excluded_lines": [], "functions": {"EqReport.__init__": {"executed_lines": [30, 31, 32, 33, 34, 35, 36, 37, 38, 39, 40, 41, 42, 43, 44, 45, 46, 47, 48, 49, 50, 51], "summary": {"covered_lines": 22, "num_statements": 22, "percent_covered": 100.0, "percent_covered_display": "100", "missing_lines": 0, "excluded_lines": 0, "percent_statements_covered": 100.0, "percent_statements_covered_display": "100"}, "missing_lines": [], "excluded_lines": [], "start_line": 10}, "EqReport.self_ensure": {"executed_lines": [57, 58], "summary": {"covered_lines": 2, "num_statements": 2, "percent_covered": 100.0, "percent_covered_display": "100", "missing_lines": 0, "excluded_lines": 0, "percent_statements_covered": 100.0, "percent_statements_covered_display": "100"}, "missing_lines": [], "excluded_lines": [], "start_line": 53}, "EqReport.ensure_data_for_yaml": {"executed_lines": [84, 102, 103, 109], "summary": {"covered_lines": 4, "num_statements": 4, "percent_covered": 100.0, "percent_covered_display": "100", "missing_lines": 0, "excluded_lines": 0, "percent_statements_covered": 100.0, "percent_statements_covered_display": "100"}, "missing_lines": [], "excluded_lines": [], "start_line": 83}, "": {"executed_lines": [4, 6, 9, 10, 53, 83], "summary": {"covered_lines": 6, "num_statements": 6, "percent_covered": 100.0, "percent_covered_display": "100", "missing_lines": 0, "excluded_lines": 0, "percent_statements_covered": 100.0, "percent_statements_covered_display": "100"}, "missing_lines": [], "excluded_lines": [], "start_line": 1}}, "classes": {"EqReport": {"executed_lines": [30, 31, 32, 33, 34, 35, 36, 37, 38, 39, 40, 41, 42, 43, 44, 45, 46, 47, 48, 49, 50, 51, 57, 58, 84, 102, 103, 109], "summary": {"covered_lines": 28, "num_statements": 28, "percent_covered": 100.0, "percent_covered_display": "100", "missing_lines": 0, "excluded_lines": 0, "percent_statements_covered": 100.0, "percent_statements_covered_display": "100"}, "missing_lines": [], "excluded_lines": [], "start_line": 9}, "": {"executed_lines": [4, 6, 9, 10, 53, 83], "summary": {"covered_lines": 6, "num_statements": 6, "percent_covered": 100.0, "percent_covered_display": "100", "missing_lines": 0, "excluded_lines": 0, "percent_statements_covered": 100.0, "percent_statements_covered_display": "100"}, "missing_lines": [], "excluded_lines": [], "start_line": 1}}}, "odoo_fast_report_mapper/eq_utils.py": {"executed_lines": [4, 5, 7, 9, 10, 12, 13, 14, 16, 18, 54, 67, 68, 70, 72, 73, 75, 76, 78, 79, 82, 89, 91, 92, 93, 95, 96, 97, 98, 117, 120, 126, 137, 140, 147, 148, 149, 150, 151, 154, 164, 165, 166, 167, 168, 169, 170, 171, 172, 174, 175, 178, 185, 186, 187, 188, 196, 199, 205, 206, 207, 208, 209, 212, 237, 239, 240, 242, 244, 245, 246, 248, 249, 264, 273, 274, 275, 278, 279, 280, 283, 284, 285, 286, 290, 291, 292, 293, 294, 295, 297, 300, 301, 304, 305, 306, 307, 308, 309, 310, 311, 312, 313, 316, 321, 326, 327, 328, 333, 334, 341, 354, 357, 367, 368, 369, 370, 373, 374, 375], "summary": {"covered_lines": 120, "num_statements": 132, "percent_covered": 90.9090909090909, "percent_covered_display": "91", "missing_lines": 12, "excluded_lines": 0, "percent_statements_covered": 90.9090909090909, "percent_statements_covered_display": "91"}, "missing_lines": [252, 253, 254, 255, 256, 258, 259, 260, 261, 329, 330, 331], "excluded_lines": [], "functions": {"generate_env_template": {"executed_lines": [67, 68, 70, 72, 73, 75, 76, 78, 79], "summary": {"covered_lines": 9, "num_statements": 9, "percent_covered": 100.0, "percent_covered_display": "100", "missing_lines": 0, "excluded_lines": 0, "percent_statements_covered": 100.0, "percent_statements_covered_display": "100"}, "missing_lines": [], "excluded_lines": [], "start_line": 54}, "create_report_object_from_yaml_object": {"executed_lines": [89, 91, 92, 93, 95, 96, 97, 98, 117], "summary": {"covered_lines": 9, "num_statements": 9, "percent_covered": 100.0, "percent_covered_display": "100", "missing_lines": 0, "excluded_lines": 0, "percent_statements_covered": 100.0, "percent_statements_covered_display": "100"}, "missing_lines": [], "excluded_lines": [], "start_line": 82}, "create_odoo_connection_from_yaml_object": {"executed_lines": [126, 137], "summary": {"covered_lines": 2, "num_statements": 2, "percent_covered": 100.0, "percent_covered_display": "100", "missing_lines": 0, "excluded_lines": 0, "percent_statements_covered": 100.0, "percent_statements_covered_display": "100"}, "missing_lines": [], "excluded_lines": [], "start_line": 120}, "convert_all_yaml_objects": {"executed_lines": [147, 148, 149, 150, 151], "summary": {"covered_lines": 5, "num_statements": 5, "percent_covered": 100.0, "percent_covered_display": "100", "missing_lines": 0, "excluded_lines": 0, "percent_statements_covered": 100.0, "percent_statements_covered_display": "100"}, "missing_lines": [], "excluded_lines": [], "start_line": 140}, "build_reports_from_yaml_objects": {"executed_lines": [164, 165, 166, 167, 168, 169, 170, 171, 172, 174, 175], "summary": {"covered_lines": 11, "num_statements": 11, "percent_covered": 100.0, "percent_covered_display": "100", "missing_lines": 0, "excluded_lines": 0, "percent_statements_covered": 100.0, "percent_statements_covered_display": "100"}, "missing_lines": [], "excluded_lines": [], "start_line": 154}, "list_yaml_reports": {"executed_lines": [185, 186, 187, 188, 196], "summary": {"covered_lines": 5, "num_statements": 5, "percent_covered": 100.0, "percent_covered_display": "100", "missing_lines": 0, "excluded_lines": 0, "percent_statements_covered": 100.0, "percent_statements_covered_display": "100"}, "missing_lines": [], "excluded_lines": [], "start_line": 178}, "collect_all_reports": {"executed_lines": [205, 206, 207, 208, 209], "summary": {"covered_lines": 5, "num_statements": 5, "percent_covered": 100.0, "percent_covered_display": "100", "missing_lines": 0, "excluded_lines": 0, "percent_statements_covered": 100.0, "percent_statements_covered_display": "100"}, "missing_lines": [], "excluded_lines": [], "start_line": 199}, "create_connection_from_env": {"executed_lines": [237, 239, 240, 242, 244, 245, 246, 248, 249, 264, 273, 274, 275, 278, 279, 280, 283, 284, 285, 286, 290, 291, 292, 293, 294, 295, 297, 300, 301, 304, 305, 306, 307, 308, 309, 310, 311, 312, 313, 316, 321, 326, 327, 328, 333, 334, 341, 354], "summary": {"covered_lines": 48, "num_statements": 60, "percent_covered": 80.0, "percent_covered_display": "80", "missing_lines": 12, "excluded_lines": 0, "percent_statements_covered": 80.0, "percent_statements_covered_display": "80"}, "missing_lines": [252, 253, 254, 255, 256, 258, 259, 260, 261, 329, 330, 331], "excluded_lines": [], "start_line": 212}, "collect_all_connections": {"executed_lines": [367, 368, 369, 370, 373, 374, 375], "summary": {"covered_lines": 7, "num_statements": 7, "percent_covered": 100.0, "percent_covered_display": "100", "missing_lines": 0, "excluded_lines": 0, "percent_statements_covered": 100.0, "percent_statements_covered_display": "100"}, "missing_lines": [], "excluded_lines": [], "start_line": 357}, "": {"executed_lines": [4, 5, 7, 9, 10, 12, 13, 14, 16, 18, 54, 82, 120, 140, 154, 178, 199, 212, 357], "summary": {"covered_lines": 19, "num_statements": 19, "percent_covered": 100.0, "percent_covered_display": "100", "missing_lines": 0, "excluded_lines": 0, "percent_statements_covered": 100.0, "percent_statements_covered_display": "100"}, "missing_lines": [], "excluded_lines": [], "start_line": 1}}, "classes": {"": {"executed_lines": [4, 5, 7, 9, 10, 12, 13, 14, 16, 18, 54, 67, 68, 70, 72, 73, 75, 76, 78, 79, 82, 89, 91, 92, 93, 95, 96, 97, 98, 117, 120, 126, 137, 140, 147, 148, 149, 150, 151, 154, 164, 165, 166, 167, 168, 169, 170, 171, 172, 174, 175, 178, 185, 186, 187, 188, 196, 199, 205, 206, 207, 208, 209, 212, 237, 239, 240, 242, 244, 245, 246, 248, 249, 264, 273, 274, 275, 278, 279, 280, 283, 284, 285, 286, 290, 291, 292, 293, 294, 295, 297, 300, 301, 304, 305, 306, 307, 308, 309, 310, 311, 312, 313, 316, 321, 326, 327, 328, 333, 334, 341, 354, 357, 367, 368, 369, 370, 373, 374, 375], "summary": {"covered_lines": 120, "num_statements": 132, "percent_covered": 90.9090909090909, "percent_covered_display": "91", "missing_lines": 12, "excluded_lines": 0, "percent_statements_covered": 90.9090909090909, "percent_statements_covered_display": "91"}, "missing_lines": [252, 253, 254, 255, 256, 258, 259, 260, 261, 329, 330, 331], "excluded_lines": [], "start_line": 1}}}, "odoo_fast_report_mapper/lang_utils.py": {"executed_lines": [13, 19, 28, 31, 43, 44, 45, 46, 49, 61, 62, 63, 64, 65, 66, 67, 70, 82, 83, 84, 85, 87, 88, 89, 90, 93, 111, 112, 113, 114, 115, 116, 117, 118, 119], "summary": {"covered_lines": 35, "num_statements": 36, "percent_covered": 97.22222222222223, "percent_covered_display": "97", "missing_lines": 1, "excluded_lines": 0, "percent_statements_covered": 97.22222222222223, "percent_statements_covered_display": "97"}, "missing_lines": [120], "excluded_lines": [], "functions": {"normalize_language_code": {"executed_lines": [28], "summary": {"covered_lines": 1, "num_statements": 1, "percent_covered": 100.0, "percent_covered_display": "100", "missing_lines": 0, "excluded_lines": 0, "percent_statements_covered": 100.0, "percent_statements_covered_display": "100"}, "missing_lines": [], "excluded_lines": [], "start_line": 19}, "normalize_name_dict": {"executed_lines": [43, 44, 45, 46], "summary": {"covered_lines": 4, "num_statements": 4, "percent_covered": 100.0, "percent_covered_display": "100", "missing_lines": 0, "excluded_lines": 0, "percent_statements_covered": 100.0, "percent_statements_covered_display": "100"}, "missing_lines": [], "excluded_lines": [], "start_line": 31}, "get_primary_lang": {"executed_lines": [61, 62, 63, 64, 65, 66, 67], "summary": {"covered_lines": 7, "num_statements": 7, "percent_covered": 100.0, "percent_covered_display": "100", "missing_lines": 0, "excluded_lines": 0, "percent_statements_covered": 100.0, "percent_statements_covered_display": "100"}, "missing_lines": [], "excluded_lines": [], "start_line": 49}, "build_name_search_domain": {"executed_lines": [82, 83, 84, 85, 87, 88, 89, 90], "summary": {"covered_lines": 8, "num_statements": 8, "percent_covered": 100.0, "percent_covered_display": "100", "missing_lines": 0, "excluded_lines": 0, "percent_statements_covered": 100.0, "percent_statements_covered_display": "100"}, "missing_lines": [], "excluded_lines": [], "start_line": 70}, "resolve_attachment_value": {"executed_lines": [111, 112, 113, 114, 115, 116, 117, 118, 119], "summary": {"covered_lines": 9, "num_statements": 10, "percent_covered": 90.0, "percent_covered_display": "90", "missing_lines": 1, "excluded_lines": 0, "percent_statements_covered": 90.0, "percent_statements_covered_display": "90"}, "missing_lines": [120], "excluded_lines": [], "start_line": 93}, "": {"executed_lines": [13, 19, 31, 49, 70, 93], "summary": {"covered_lines": 6, "num_statements": 6, "percent_covered": 100.0, "percent_covered_display": "100", "missing_lines": 0, "excluded_lines": 0, "percent_statements_covered": 100.0, "percent_statements_covered_display": "100"}, "missing_lines": [], "excluded_lines": [], "start_line": 1}}, "classes": {"": {"executed_lines": [13, 19, 28, 31, 43, 44, 45, 46, 49, 61, 62, 63, 64, 65, 66, 67, 70, 82, 83, 84, 85, 87, 88, 89, 90, 93, 111, 112, 113, 114, 115, 116, 117, 118, 119], "summary": {"covered_lines": 35, "num_statements": 36, "percent_covered": 97.22222222222223, "percent_covered_display": "97", "missing_lines": 1, "excluded_lines": 0, "percent_statements_covered": 97.22222222222223, "percent_statements_covered_display": "97"}, "missing_lines": [120], "excluded_lines": [], "start_line": 1}}}, "odoo_fast_report_mapper/logging_config.py": {"executed_lines": [14, 15, 16, 17, 18, 22, 25, 26, 29, 30, 31, 32, 33, 34, 35, 36, 39, 40, 41, 42, 45, 48, 56, 59, 62, 63, 66, 69, 71, 74, 85, 87, 89, 90, 91, 92, 94, 96, 97, 99, 100, 101, 102, 103, 104, 106, 132, 136, 137, 138, 141, 144, 145, 146, 149, 150, 151, 153, 156, 158, 159, 160, 163, 165, 167, 168, 171, 172, 173, 174, 175, 178, 180, 182, 192, 193, 194, 196, 203, 204, 205, 206, 207, 209, 215, 218, 236, 239, 254, 263, 270, 273, 279, 281, 284, 286, 289, 291], "summary": {"covered_lines": 98, "num_statements": 102, "percent_covered": 96.07843137254902, "percent_covered_display": "96", "missing_lines": 4, "excluded_lines": 0, "percent_statements_covered": 96.07843137254902, "percent_statements_covered_display": "96"}, "missing_lines": [133, 154, 211, 275], "excluded_lines": [], "functions": {"ColoredFormatter.format": {"executed_lines": [59, 62, 63, 66, 69, 71], "summary": {"covered_lines": 6, "num_statements": 6, "percent_covered": 100.0, "percent_covered_display": "100", "missing_lines": 0, "excluded_lines": 0, "percent_statements_covered": 100.0, "percent_statements_covered_display": "100"}, "missing_lines": [], "excluded_lines": [], "start_line": 56}, "LoggerManager.__new__": {"executed_lines": [89, 90, 91, 92], "summary": {"covered_lines": 4, "num_statements": 4, "percent_covered": 100.0, "percent_covered_display": "100", "missing_lines": 0, "excluded_lines": 0, "percent_statements_covered": 100.0, "percent_statements_covered_display": "100"}, "missing_lines": [], "excluded_lines": [], "start_line": 87}, "LoggerManager.__init__": {"executed_lines": [96, 97, 99, 100, 101, 102, 103, 104], "summary": {"covered_lines": 8, "num_statements": 8, "percent_covered": 100.0, "percent_covered_display": "100", "missing_lines": 0, "excluded_lines": 0, "percent_statements_covered": 100.0, "percent_statements_covered_display": "100"}, "missing_lines": [], "excluded_lines": [], "start_line": 94}, "LoggerManager.setup_logger": {"executed_lines": [132, 136, 137, 138, 141, 144, 145, 146, 149, 150, 151, 153, 156, 158, 159, 160, 163, 165, 167, 168, 171, 172, 173, 174, 175, 178, 180], "summary": {"covered_lines": 27, "num_statements": 29, "percent_covered": 93.10344827586206, "percent_covered_display": "93", "missing_lines": 2, "excluded_lines": 0, "percent_statements_covered": 93.10344827586206, "percent_statements_covered_display": "93"}, "missing_lines": [133, 154], "excluded_lines": [], "start_line": 106}, "LoggerManager.get_logger": {"executed_lines": [192, 193, 194], "summary": {"covered_lines": 3, "num_statements": 3, "percent_covered": 100.0, "percent_covered_display": "100", "missing_lines": 0, "excluded_lines": 0, "percent_statements_covered": 100.0, "percent_statements_covered_display": "100"}, "missing_lines": [], "excluded_lines": [], "start_line": 182}, "LoggerManager.set_level": {"executed_lines": [203, 204, 205, 206, 207], "summary": {"covered_lines": 5, "num_statements": 5, "percent_covered": 100.0, "percent_covered_display": "100", "missing_lines": 0, "excluded_lines": 0, "percent_statements_covered": 100.0, "percent_statements_covered_display": "100"}, "missing_lines": [], "excluded_lines": [], "start_line": 196}, "LoggerManager.get_log_file_path": {"executed_lines": [], "summary": {"covered_lines": 0, "num_statements": 1, "percent_covered": 0.0, "percent_covered_display": "0", "missing_lines": 1, "excluded_lines": 0, "percent_statements_covered": 0.0, "percent_statements_covered_display": "0"}, "missing_lines": [211], "excluded_lines": [], "start_line": 209}, "get_logger": {"executed_lines": [236], "summary": {"covered_lines": 1, "num_statements": 1, "percent_covered": 100.0, "percent_covered_display": "100", "missing_lines": 0, "excluded_lines": 0, "percent_statements_covered": 100.0, "percent_statements_covered_display": "100"}, "missing_lines": [], "excluded_lines": [], "start_line": 218}, "setup_logging": {"executed_lines": [254], "summary": {"covered_lines": 1, "num_statements": 1, "percent_covered": 100.0, "percent_covered_display": "100", "missing_lines": 0, "excluded_lines": 0, "percent_statements_covered": 100.0, "percent_statements_covered_display": "100"}, "missing_lines": [], "excluded_lines": [], "start_line": 239}, "set_log_level": {"executed_lines": [270], "summary": {"covered_lines": 1, "num_statements": 1, "percent_covered": 100.0, "percent_covered_display": "100", "missing_lines": 0, "excluded_lines": 0, "percent_statements_covered": 100.0, "percent_statements_covered_display": "100"}, "missing_lines": [], "excluded_lines": [], "start_line": 263}, "get_log_file_path": {"executed_lines": [], "summary": {"covered_lines": 0, "num_statements": 1, "percent_covered": 0.0, "percent_covered_display": "0", "missing_lines": 1, "excluded_lines": 0, "percent_statements_covered": 0.0, "percent_statements_covered_display": "0"}, "missing_lines": [275], "excluded_lines": [], "start_line": 273}, "enable_debug_logging": {"executed_lines": [281], "summary": {"covered_lines": 1, "num_statements": 1, "percent_covered": 100.0, "percent_covered_display": "100", "missing_lines": 0, "excluded_lines": 0, "percent_statements_covered": 100.0, "percent_statements_covered_display": "100"}, "missing_lines": [], "excluded_lines": [], "start_line": 279}, "enable_verbose_logging": {"executed_lines": [286], "summary": {"covered_lines": 1, "num_statements": 1, "percent_covered": 100.0, "percent_covered_display": "100", "missing_lines": 0, "excluded_lines": 0, "percent_statements_covered": 100.0, "percent_statements_covered_display": "100"}, "missing_lines": [], "excluded_lines": [], "start_line": 284}, "enable_quiet_logging": {"executed_lines": [291], "summary": {"covered_lines": 1, "num_statements": 1, "percent_covered": 100.0, "percent_covered_display": "100", "missing_lines": 0, "excluded_lines": 0, "percent_statements_covered": 100.0, "percent_statements_covered_display": "100"}, "missing_lines": [], "excluded_lines": [], "start_line": 289}, "": {"executed_lines": [14, 15, 16, 17, 18, 22, 25, 26, 29, 30, 31, 32, 33, 34, 35, 36, 39, 40, 41, 42, 45, 48, 56, 74, 85, 87, 94, 106, 182, 196, 209, 215, 218, 239, 263, 273, 279, 284, 289], "summary": {"covered_lines": 39, "num_statements": 39, "percent_covered": 100.0, "percent_covered_display": "100", "missing_lines": 0, "excluded_lines": 0, "percent_statements_covered": 100.0, "percent_statements_covered_display": "100"}, "missing_lines": [], "excluded_lines": [], "start_line": 1}}, "classes": {"LogColors": {"executed_lines": [], "summary": {"covered_lines": 0, "num_statements": 0, "percent_covered": 100.0, "percent_covered_display": "100", "missing_lines": 0, "excluded_lines": 0, "percent_statements_covered": 100.0, "percent_statements_covered_display": "100"}, "missing_lines": [], "excluded_lines": [], "start_line": 22}, "ColoredFormatter": {"executed_lines": [59, 62, 63, 66, 69, 71], "summary": {"covered_lines": 6, "num_statements": 6, "percent_covered": 100.0, "percent_covered_display": "100", "missing_lines": 0, "excluded_lines": 0, "percent_statements_covered": 100.0, "percent_statements_covered_display": "100"}, "missing_lines": [], "excluded_lines": [], "start_line": 45}, "LoggerManager": {"executed_lines": [89, 90, 91, 92, 96, 97, 99, 100, 101, 102, 103, 104, 132, 136, 137, 138, 141, 144, 145, 146, 149, 150, 151, 153, 156, 158, 159, 160, 163, 165, 167, 168, 171, 172, 173, 174, 175, 178, 180, 192, 193, 194, 203, 204, 205, 206, 207], "summary": {"covered_lines": 47, "num_statements": 50, "percent_covered": 94.0, "percent_covered_display": "94", "missing_lines": 3, "excluded_lines": 0, "percent_statements_covered": 94.0, "percent_statements_covered_display": "94"}, "missing_lines": [133, 154, 211], "excluded_lines": [], "start_line": 74}, "": {"executed_lines": [14, 15, 16, 17, 18, 22, 25, 26, 29, 30, 31, 32, 33, 34, 35, 36, 39, 40, 41, 42, 45, 48, 56, 74, 85, 87, 94, 106, 182, 196, 209, 215, 218, 236, 239, 254, 263, 270, 273, 279, 281, 284, 286, 289, 291], "summary": {"covered_lines": 45, "num_statements": 46, "percent_covered": 97.82608695652173, "percent_covered_display": "98", "missing_lines": 1, "excluded_lines": 0, "percent_statements_covered": 97.82608695652173, "percent_statements_covered_display": "98"}, "missing_lines": [275], "excluded_lines": [], "start_line": 1}}}, "odoo_fast_report_mapper/odoo_fast_report_mapper.py": {"executed_lines": [4, 5, 7, 9, 10, 11, 14, 15, 17, 24, 26, 33, 34, 35, 36, 37, 38, 39, 42, 44, 45, 46, 47, 48, 49, 50, 51, 52, 53, 56, 57, 58, 66, 71, 76, 82, 141, 144, 145, 146, 147, 148, 149, 150, 151, 152, 153, 155, 157, 158, 159, 160, 162, 163, 170, 171, 174, 175, 180, 182, 191, 193, 194, 195, 197, 198, 199, 200, 201, 202, 203, 205, 206, 207, 210, 211, 218, 221, 222, 225, 226, 227, 228, 230, 231, 232, 233, 234, 236, 237, 243, 244, 246, 247, 248, 253, 257, 258, 261, 262, 263, 264, 265, 267, 268, 269, 270, 271, 273, 274, 280, 281, 283, 284, 285, 288, 289, 290, 292, 296, 297, 299, 301, 302, 303, 304, 305, 306, 307, 308, 309, 310, 311, 312, 318, 319, 320, 321, 323, 324, 325, 326, 327, 328, 330, 331, 332, 334, 335, 336, 337], "summary": {"covered_lines": 151, "num_statements": 170, "percent_covered": 88.82352941176471, "percent_covered_display": "89", "missing_lines": 19, "excluded_lines": 2, "percent_statements_covered": 88.82352941176471, "percent_statements_covered_display": "89"}, "missing_lines": [164, 166, 169, 176, 177, 178, 212, 213, 214, 215, 249, 250, 251, 254, 255, 293, 294, 314, 315], "excluded_lines": [340, 341], "functions": {"print_banner": {"executed_lines": [26, 33, 34, 35, 36, 37, 38, 39], "summary": {"covered_lines": 8, "num_statements": 8, "percent_covered": 100.0, "percent_covered_display": "100", "missing_lines": 0, "excluded_lines": 0, "percent_statements_covered": 100.0, "percent_statements_covered_display": "100"}, "missing_lines": [], "excluded_lines": [], "start_line": 24}, "init_callback": {"executed_lines": [44, 45, 46, 47, 48, 49, 50, 51, 52, 53], "summary": {"covered_lines": 10, "num_statements": 10, "percent_covered": 100.0, "percent_covered_display": "100", "missing_lines": 0, "excluded_lines": 0, "percent_statements_covered": 100.0, "percent_statements_covered_display": "100"}, "missing_lines": [], "excluded_lines": [], "start_line": 42}, "start_odoo_fast_report_mapper": {"executed_lines": [141, 144, 145, 146, 147, 148, 149, 150, 151, 152, 153, 155, 157, 158, 159, 160, 162, 163, 170, 171, 174, 175, 180, 182, 191, 193, 194, 195, 197, 198, 199, 200, 201, 202, 203, 205, 206, 207, 210, 211, 218, 221, 222, 225, 226, 227, 228, 230, 231, 232, 233, 234, 236, 237, 243, 244, 246, 247, 248, 253, 257, 258, 261, 262, 263, 264, 265, 267, 268, 269, 270, 271, 273, 274, 280, 281, 283, 284, 285, 288, 289, 290, 292, 296, 297, 299, 301, 302, 303, 304, 305, 306, 307, 308, 309, 310, 311, 312, 318, 319, 320, 321, 323, 324, 325, 326, 327, 328, 330, 331, 332, 334, 335, 336, 337], "summary": {"covered_lines": 115, "num_statements": 134, "percent_covered": 85.82089552238806, "percent_covered_display": "86", "missing_lines": 19, "excluded_lines": 0, "percent_statements_covered": 85.82089552238806, "percent_statements_covered_display": "86"}, "missing_lines": [164, 166, 169, 176, 177, 178, 212, 213, 214, 215, 249, 250, 251, 254, 255, 293, 294, 314, 315], "excluded_lines": [], "start_line": 82}, "": {"executed_lines": [4, 5, 7, 9, 10, 11, 14, 15, 17, 24, 42, 56, 57, 58, 66, 71, 76, 82], "summary": {"covered_lines": 18, "num_statements": 18, "percent_covered": 100.0, "percent_covered_display": "100", "missing_lines": 0, "excluded_lines": 2, "percent_statements_covered": 100.0, "percent_statements_covered_display": "100"}, "missing_lines": [], "excluded_lines": [340, 341], "start_line": 1}}, "classes": {"": {"executed_lines": [4, 5, 7, 9, 10, 11, 14, 15, 17, 24, 26, 33, 34, 35, 36, 37, 38, 39, 42, 44, 45, 46, 47, 48, 49, 50, 51, 52, 53, 56, 57, 58, 66, 71, 76, 82, 141, 144, 145, 146, 147, 148, 149, 150, 151, 152, 153, 155, 157, 158, 159, 160, 162, 163, 170, 171, 174, 175, 180, 182, 191, 193, 194, 195, 197, 198, 199, 200, 201, 202, 203, 205, 206, 207, 210, 211, 218, 221, 222, 225, 226, 227, 228, 230, 231, 232, 233, 234, 236, 237, 243, 244, 246, 247, 248, 253, 257, 258, 261, 262, 263, 264, 265, 267, 268, 269, 270, 271, 273, 274, 280, 281, 283, 284, 285, 288, 289, 290, 292, 296, 297, 299, 301, 302, 303, 304, 305, 306, 307, 308, 309, 310, 311, 312, 318, 319, 320, 321, 323, 324, 325, 326, 327, 328, 330, 331, 332, 334, 335, 336, 337], "summary": {"covered_lines": 151, "num_statements": 170, "percent_covered": 88.82352941176471, "percent_covered_display": "89", "missing_lines": 19, "excluded_lines": 2, "percent_statements_covered": 88.82352941176471, "percent_statements_covered_display": "89"}, "missing_lines": [164, 166, 169, 176, 177, 178, 212, 213, 214, 215, 249, 250, 251, 254, 255, 293, 294, 314, 315], "excluded_lines": [340, 341], "start_line": 1}}}, "odoo_fast_report_mapper/progress.py": {"executed_lines": [10, 11, 12, 14, 17, 24, 46, 58, 65, 67, 74, 76, 83, 85, 87, 89, 91, 93, 95, 98, 125, 137, 159, 162, 165, 166, 177, 179, 180, 192, 196, 197, 208], "summary": {"covered_lines": 33, "num_statements": 33, "percent_covered": 100.0, "percent_covered_display": "100", "missing_lines": 0, "excluded_lines": 0, "percent_statements_covered": 100.0, "percent_statements_covered_display": "100"}, "missing_lines": [], "excluded_lines": [], "functions": {"ProgressBar.__init__": {"executed_lines": [46], "summary": {"covered_lines": 1, "num_statements": 1, "percent_covered": 100.0, "percent_covered_display": "100", "missing_lines": 0, "excluded_lines": 0, "percent_statements_covered": 100.0, "percent_statements_covered_display": "100"}, "missing_lines": [], "excluded_lines": [], "start_line": 24}, "ProgressBar.update": {"executed_lines": [65], "summary": {"covered_lines": 1, "num_statements": 1, "percent_covered": 100.0, "percent_covered_display": "100", "missing_lines": 0, "excluded_lines": 0, "percent_statements_covered": 100.0, "percent_statements_covered_display": "100"}, "missing_lines": [], "excluded_lines": [], "start_line": 58}, "ProgressBar.set_description": {"executed_lines": [74], "summary": {"covered_lines": 1, "num_statements": 1, "percent_covered": 100.0, "percent_covered_display": "100", "missing_lines": 0, "excluded_lines": 0, "percent_statements_covered": 100.0, "percent_statements_covered_display": "100"}, "missing_lines": [], "excluded_lines": [], "start_line": 67}, "ProgressBar.set_postfix": {"executed_lines": [83], "summary": {"covered_lines": 1, "num_statements": 1, "percent_covered": 100.0, "percent_covered_display": "100", "missing_lines": 0, "excluded_lines": 0, "percent_statements_covered": 100.0, "percent_statements_covered_display": "100"}, "missing_lines": [], "excluded_lines": [], "start_line": 76}, "ProgressBar.close": {"executed_lines": [87], "summary": {"covered_lines": 1, "num_statements": 1, "percent_covered": 100.0, "percent_covered_display": "100", "missing_lines": 0, "excluded_lines": 0, "percent_statements_covered": 100.0, "percent_statements_covered_display": "100"}, "missing_lines": [], "excluded_lines": [], "start_line": 85}, "ProgressBar.__enter__": {"executed_lines": [91], "summary": {"covered_lines": 1, "num_statements": 1, "percent_covered": 100.0, "percent_covered_display": "100", "missing_lines": 0, "excluded_lines": 0, "percent_statements_covered": 100.0, "percent_statements_covered_display": "100"}, "missing_lines": [], "excluded_lines": [], "start_line": 89}, "ProgressBar.__exit__": {"executed_lines": [95], "summary": {"covered_lines": 1, "num_statements": 1, "percent_covered": 100.0, "percent_covered_display": "100", "missing_lines": 0, "excluded_lines": 0, "percent_statements_covered": 100.0, "percent_statements_covered_display": "100"}, "missing_lines": [], "excluded_lines": [], "start_line": 93}, "progress_bar": {"executed_lines": [125], "summary": {"covered_lines": 1, "num_statements": 1, "percent_covered": 100.0, "percent_covered_display": "100", "missing_lines": 0, "excluded_lines": 0, "percent_statements_covered": 100.0, "percent_statements_covered_display": "100"}, "missing_lines": [], "excluded_lines": [], "start_line": 98}, "create_progress_bar": {"executed_lines": [159], "summary": {"covered_lines": 1, "num_statements": 1, "percent_covered": 100.0, "percent_covered_display": "100", "missing_lines": 0, "excluded_lines": 0, "percent_statements_covered": 100.0, "percent_statements_covered_display": "100"}, "missing_lines": [], "excluded_lines": [], "start_line": 137}, "ReportProgress.mapping_progress": {"executed_lines": [177], "summary": {"covered_lines": 1, "num_statements": 1, "percent_covered": 100.0, "percent_covered_display": "100", "missing_lines": 0, "excluded_lines": 0, "percent_statements_covered": 100.0, "percent_statements_covered_display": "100"}, "missing_lines": [], "excluded_lines": [], "start_line": 166}, "ReportProgress.field_progress": {"executed_lines": [192], "summary": {"covered_lines": 1, "num_statements": 1, "percent_covered": 100.0, "percent_covered_display": "100", "missing_lines": 0, "excluded_lines": 0, "percent_statements_covered": 100.0, "percent_statements_covered_display": "100"}, "missing_lines": [], "excluded_lines": [], "start_line": 180}, "ReportProgress.testing_progress": {"executed_lines": [208], "summary": {"covered_lines": 1, "num_statements": 1, "percent_covered": 100.0, "percent_covered_display": "100", "missing_lines": 0, "excluded_lines": 0, "percent_statements_covered": 100.0, "percent_statements_covered_display": "100"}, "missing_lines": [], "excluded_lines": [], "start_line": 197}, "": {"executed_lines": [10, 11, 12, 14, 17, 24, 58, 67, 76, 85, 89, 93, 98, 137, 162, 165, 166, 179, 180, 196, 197], "summary": {"covered_lines": 21, "num_statements": 21, "percent_covered": 100.0, "percent_covered_display": "100", "missing_lines": 0, "excluded_lines": 0, "percent_statements_covered": 100.0, "percent_statements_covered_display": "100"}, "missing_lines": [], "excluded_lines": [], "start_line": 1}}, "classes": {"ProgressBar": {"executed_lines": [46, 65, 74, 83, 87, 91, 95], "summary": {"covered_lines": 7, "num_statements": 7, "percent_covered": 100.0, "percent_covered_display": "100", "missing_lines": 0, "excluded_lines": 0, "percent_statements_covered": 100.0, "percent_statements_covered_display": "100"}, "missing_lines": [], "excluded_lines": [], "start_line": 17}, "ReportProgress": {"executed_lines": [177, 192, 208], "summary": {"covered_lines": 3, "num_statements": 3, "percent_covered": 100.0, "percent_covered_display": "100", "missing_lines": 0, "excluded_lines": 0, "percent_statements_covered": 100.0, "percent_statements_covered_display": "100"}, "missing_lines": [], "excluded_lines": [], "start_line": 162}, "": {"executed_lines": [10, 11, 12, 14, 17, 24, 58, 67, 76, 85, 89, 93, 98, 125, 137, 159, 162, 165, 166, 179, 180, 196, 197], "summary": {"covered_lines": 23, "num_statements": 23, "percent_covered": 100.0, "percent_covered_display": "100", "missing_lines": 0, "excluded_lines": 0, "percent_statements_covered": 100.0, "percent_statements_covered_display": "100"}, "missing_lines": [], "excluded_lines": [], "start_line": 1}}}, "odoo_report_helper/__init__.py": {"executed_lines": [1, 2, 3, 4], "summary": {"covered_lines": 4, "num_statements": 4, "percent_covered": 100.0, "percent_covered_display": "100", "missing_lines": 0, "excluded_lines": 0, "percent_statements_covered": 100.0, "percent_statements_covered_display": "100"}, "missing_lines": [], "excluded_lines": [], "functions": {"": {"executed_lines": [1, 2, 3, 4], "summary": {"covered_lines": 4, "num_statements": 4, "percent_covered": 100.0, "percent_covered_display": "100", "missing_lines": 0, "excluded_lines": 0, "percent_statements_covered": 100.0, "percent_statements_covered_display": "100"}, "missing_lines": [], "excluded_lines": [], "start_line": 1}}, "classes": {"": {"executed_lines": [1, 2, 3, 4], "summary": {"covered_lines": 4, "num_statements": 4, "percent_covered": 100.0, "percent_covered_display": "100", "missing_lines": 0, "excluded_lines": 0, "percent_statements_covered": 100.0, "percent_statements_covered_display": "100"}, "missing_lines": [], "excluded_lines": [], "start_line": 1}}}, "odoo_report_helper/exceptions.py": {"executed_lines": [5, 6, 9, 10, 14], "summary": {"covered_lines": 5, "num_statements": 5, "percent_covered": 100.0, "percent_covered_display": "100", "missing_lines": 0, "excluded_lines": 0, "percent_statements_covered": 100.0, "percent_statements_covered_display": "100"}, "missing_lines": [], "excluded_lines": [], "functions": {"": {"executed_lines": [5, 6, 9, 10, 14], "summary": {"covered_lines": 5, "num_statements": 5, "percent_covered": 100.0, "percent_covered_display": "100", "missing_lines": 0, "excluded_lines": 0, "percent_statements_covered": 100.0, "percent_statements_covered_display": "100"}, "missing_lines": [], "excluded_lines": [], "start_line": 1}}, "classes": {"OdooConnectionError": {"executed_lines": [], "summary": {"covered_lines": 0, "num_statements": 0, "percent_covered": 100.0, "percent_covered_display": "100", "missing_lines": 0, "excluded_lines": 0, "percent_statements_covered": 100.0, "percent_statements_covered_display": "100"}, "missing_lines": [], "excluded_lines": [], "start_line": 5}, "PathDoesNotExistError": {"executed_lines": [], "summary": {"covered_lines": 0, "num_statements": 0, "percent_covered": 100.0, "percent_covered_display": "100", "missing_lines": 0, "excluded_lines": 0, "percent_statements_covered": 100.0, "percent_statements_covered_display": "100"}, "missing_lines": [], "excluded_lines": [], "start_line": 9}, "": {"executed_lines": [5, 6, 9, 10, 14], "summary": {"covered_lines": 5, "num_statements": 5, "percent_covered": 100.0, "percent_covered_display": "100", "missing_lines": 0, "excluded_lines": 0, "percent_statements_covered": 100.0, "percent_statements_covered_display": "100"}, "missing_lines": [], "excluded_lines": [], "start_line": 1}}}, "odoo_report_helper/odoo_connection.py": {"executed_lines": [4, 5, 7, 9, 11, 13, 16, 17, 18, 19, 20, 21, 22, 24, 25, 27, 28, 32, 35, 38, 42, 43, 45, 46, 47, 48, 50, 51, 52, 53, 57, 65, 66, 67, 68, 69, 70, 71, 74, 75, 76, 80, 81, 83, 84, 86, 88, 89, 91, 93, 96, 97, 99, 100, 101, 102, 103, 104, 105, 106, 109, 113, 115, 124, 125, 126, 127, 128, 133, 134, 137, 138, 139, 151, 158, 159, 167, 168, 170, 172, 177, 178, 179, 181, 186, 187, 188, 190, 195, 196, 197, 198, 199, 200], "summary": {"covered_lines": 94, "num_statements": 108, "percent_covered": 87.03703703703704, "percent_covered_display": "87", "missing_lines": 14, "excluded_lines": 0, "percent_statements_covered": 87.03703703703704, "percent_statements_covered_display": "87"}, "missing_lines": [33, 36, 72, 73, 77, 78, 110, 111, 112, 140, 141, 144, 145, 149], "excluded_lines": [], "functions": {"OdooConnection.__init__": {"executed_lines": [18, 19, 20, 21, 22, 24, 25, 27, 28], "summary": {"covered_lines": 9, "num_statements": 9, "percent_covered": 100.0, "percent_covered_display": "100", "missing_lines": 0, "excluded_lines": 0, "percent_statements_covered": 100.0, "percent_statements_covered_display": "100"}, "missing_lines": [], "excluded_lines": [], "start_line": 17}, "OdooConnection.__repr__": {"executed_lines": [], "summary": {"covered_lines": 0, "num_statements": 1, "percent_covered": 0.0, "percent_covered_display": "0", "missing_lines": 1, "excluded_lines": 0, "percent_statements_covered": 0.0, "percent_statements_covered_display": "0"}, "missing_lines": [33], "excluded_lines": [], "start_line": 32}, "OdooConnection.__str__": {"executed_lines": [], "summary": {"covered_lines": 0, "num_statements": 1, "percent_covered": 0.0, "percent_covered_display": "0", "missing_lines": 1, "excluded_lines": 0, "percent_statements_covered": 0.0, "percent_statements_covered_display": "0"}, "missing_lines": [36], "excluded_lines": [], "start_line": 35}, "OdooConnection.login": {"executed_lines": [42, 43, 45, 46, 47, 48, 50, 51, 52, 53], "summary": {"covered_lines": 10, "num_statements": 10, "percent_covered": 100.0, "percent_covered_display": "100", "missing_lines": 0, "excluded_lines": 0, "percent_statements_covered": 100.0, "percent_statements_covered_display": "100"}, "missing_lines": [], "excluded_lines": [], "start_line": 38}, "OdooConnection.map_reports": {"executed_lines": [65, 66, 67, 68, 69, 70, 71, 74, 75, 76, 80, 81, 83, 84, 86, 88, 89, 91, 93, 96, 97, 99, 100, 101, 102, 103, 104, 105, 106, 109, 113], "summary": {"covered_lines": 31, "num_statements": 38, "percent_covered": 81.57894736842105, "percent_covered_display": "82", "missing_lines": 7, "excluded_lines": 0, "percent_statements_covered": 81.57894736842105, "percent_statements_covered_display": "82"}, "missing_lines": [72, 73, 77, 78, 110, 111, 112], "excluded_lines": [], "start_line": 57}, "OdooConnection.set_calculated_fields": {"executed_lines": [124, 125, 126, 127, 128, 133, 134, 137, 138, 139], "summary": {"covered_lines": 10, "num_statements": 15, "percent_covered": 66.66666666666667, "percent_covered_display": "67", "missing_lines": 5, "excluded_lines": 0, "percent_statements_covered": 66.66666666666667, "percent_statements_covered_display": "67"}, "missing_lines": [140, 141, 144, 145, 149], "excluded_lines": [], "start_line": 115}, "OdooConnection._search_report": {"executed_lines": [158, 159, 167, 168, 170], "summary": {"covered_lines": 5, "num_statements": 5, "percent_covered": 100.0, "percent_covered_display": "100", "missing_lines": 0, "excluded_lines": 0, "percent_statements_covered": 100.0, "percent_statements_covered_display": "100"}, "missing_lines": [], "excluded_lines": [], "start_line": 151}, "OdooConnection._get_fast_report_ids": {"executed_lines": [177, 178, 179], "summary": {"covered_lines": 3, "num_statements": 3, "percent_covered": 100.0, "percent_covered_display": "100", "missing_lines": 0, "excluded_lines": 0, "percent_statements_covered": 100.0, "percent_statements_covered_display": "100"}, "missing_lines": [], "excluded_lines": [], "start_line": 172}, "OdooConnection.check_module": {"executed_lines": [186, 187, 188], "summary": {"covered_lines": 3, "num_statements": 3, "percent_covered": 100.0, "percent_covered_display": "100", "missing_lines": 0, "excluded_lines": 0, "percent_statements_covered": 100.0, "percent_statements_covered_display": "100"}, "missing_lines": [], "excluded_lines": [], "start_line": 181}, "OdooConnection.check_dependencies": {"executed_lines": [195, 196, 197, 198, 199, 200], "summary": {"covered_lines": 6, "num_statements": 6, "percent_covered": 100.0, "percent_covered_display": "100", "missing_lines": 0, "excluded_lines": 0, "percent_statements_covered": 100.0, "percent_statements_covered_display": "100"}, "missing_lines": [], "excluded_lines": [], "start_line": 190}, "": {"executed_lines": [4, 5, 7, 9, 11, 13, 16, 17, 32, 35, 38, 57, 115, 151, 172, 181, 190], "summary": {"covered_lines": 17, "num_statements": 17, "percent_covered": 100.0, "percent_covered_display": "100", "missing_lines": 0, "excluded_lines": 0, "percent_statements_covered": 100.0, "percent_statements_covered_display": "100"}, "missing_lines": [], "excluded_lines": [], "start_line": 1}}, "classes": {"OdooConnection": {"executed_lines": [18, 19, 20, 21, 22, 24, 25, 27, 28, 42, 43, 45, 46, 47, 48, 50, 51, 52, 53, 65, 66, 67, 68, 69, 70, 71, 74, 75, 76, 80, 81, 83, 84, 86, 88, 89, 91, 93, 96, 97, 99, 100, 101, 102, 103, 104, 105, 106, 109, 113, 124, 125, 126, 127, 128, 133, 134, 137, 138, 139, 158, 159, 167, 168, 170, 177, 178, 179, 186, 187, 188, 195, 196, 197, 198, 199, 200], "summary": {"covered_lines": 77, "num_statements": 91, "percent_covered": 84.61538461538461, "percent_covered_display": "85", "missing_lines": 14, "excluded_lines": 0, "percent_statements_covered": 84.61538461538461, "percent_statements_covered_display": "85"}, "missing_lines": [33, 36, 72, 73, 77, 78, 110, 111, 112, 140, 141, 144, 145, 149], "excluded_lines": [], "start_line": 16}, "": {"executed_lines": [4, 5, 7, 9, 11, 13, 16, 17, 32, 35, 38, 57, 115, 151, 172, 181, 190], "summary": {"covered_lines": 17, "num_statements": 17, "percent_covered": 100.0, "percent_covered_display": "100", "missing_lines": 0, "excluded_lines": 0, "percent_statements_covered": 100.0, "percent_statements_covered_display": "100"}, "missing_lines": [], "excluded_lines": [], "start_line": 1}}}, "odoo_report_helper/report.py": {"executed_lines": [4, 7, 8, 21, 22, 23, 24, 25, 26, 27, 28, 29, 30, 31, 32, 33, 34, 35, 36, 37, 39, 43, 53, 63, 64, 65, 67, 77, 78, 79, 81, 85, 87], "summary": {"covered_lines": 33, "num_statements": 33, "percent_covered": 100.0, "percent_covered_display": "100", "missing_lines": 0, "excluded_lines": 0, "percent_statements_covered": 100.0, "percent_statements_covered_display": "100"}, "missing_lines": [], "excluded_lines": [], "functions": {"Report.__init__": {"executed_lines": [21, 22, 23, 24, 25, 26, 27, 28, 29, 30, 31, 32, 33, 34, 35, 36, 37], "summary": {"covered_lines": 17, "num_statements": 17, "percent_covered": 100.0, "percent_covered_display": "100", "missing_lines": 0, "excluded_lines": 0, "percent_statements_covered": 100.0, "percent_statements_covered_display": "100"}, "missing_lines": [], "excluded_lines": [], "start_line": 8}, "Report.self_ensure": {"executed_lines": [43], "summary": {"covered_lines": 1, "num_statements": 1, "percent_covered": 100.0, "percent_covered_display": "100", "missing_lines": 0, "excluded_lines": 0, "percent_statements_covered": 100.0, "percent_statements_covered_display": "100"}, "missing_lines": [], "excluded_lines": [], "start_line": 39}, "Report.add_fields": {"executed_lines": [63, 64, 65], "summary": {"covered_lines": 3, "num_statements": 3, "percent_covered": 100.0, "percent_covered_display": "100", "missing_lines": 0, "excluded_lines": 0, "percent_statements_covered": 100.0, "percent_statements_covered_display": "100"}, "missing_lines": [], "excluded_lines": [], "start_line": 53}, "Report.add_calculated_fields": {"executed_lines": [77, 78, 79], "summary": {"covered_lines": 3, "num_statements": 3, "percent_covered": 100.0, "percent_covered_display": "100", "missing_lines": 0, "excluded_lines": 0, "percent_statements_covered": 100.0, "percent_statements_covered_display": "100"}, "missing_lines": [], "excluded_lines": [], "start_line": 67}, "Report.add_dependencies": {"executed_lines": [85, 87], "summary": {"covered_lines": 2, "num_statements": 2, "percent_covered": 100.0, "percent_covered_display": "100", "missing_lines": 0, "excluded_lines": 0, "percent_statements_covered": 100.0, "percent_statements_covered_display": "100"}, "missing_lines": [], "excluded_lines": [], "start_line": 81}, "": {"executed_lines": [4, 7, 8, 39, 53, 67, 81], "summary": {"covered_lines": 7, "num_statements": 7, "percent_covered": 100.0, "percent_covered_display": "100", "missing_lines": 0, "excluded_lines": 0, "percent_statements_covered": 100.0, "percent_statements_covered_display": "100"}, "missing_lines": [], "excluded_lines": [], "start_line": 1}}, "classes": {"Report": {"executed_lines": [21, 22, 23, 24, 25, 26, 27, 28, 29, 30, 31, 32, 33, 34, 35, 36, 37, 43, 63, 64, 65, 77, 78, 79, 85, 87], "summary": {"covered_lines": 26, "num_statements": 26, "percent_covered": 100.0, "percent_covered_display": "100", "missing_lines": 0, "excluded_lines": 0, "percent_statements_covered": 100.0, "percent_statements_covered_display": "100"}, "missing_lines": [], "excluded_lines": [], "start_line": 7}, "": {"executed_lines": [4, 7, 8, 39, 53, 67, 81], "summary": {"covered_lines": 7, "num_statements": 7, "percent_covered": 100.0, "percent_covered_display": "100", "missing_lines": 0, "excluded_lines": 0, "percent_statements_covered": 100.0, "percent_statements_covered_display": "100"}, "missing_lines": [], "excluded_lines": [], "start_line": 1}}}, "odoo_report_helper/utils.py": {"executed_lines": [4, 5, 6, 8, 9, 11, 14, 20, 21, 24, 25, 26, 27, 28, 29, 31, 32, 33, 34, 41, 42, 44, 45, 47, 48, 50, 51, 54, 59, 60, 63, 69, 70, 71, 72, 75, 81, 82, 83, 84, 85, 86, 87, 90, 96, 97, 98, 100, 101, 102, 103, 105, 108, 109, 110, 111, 114, 120], "summary": {"covered_lines": 58, "num_statements": 61, "percent_covered": 95.08196721311475, "percent_covered_display": "95", "missing_lines": 3, "excluded_lines": 0, "percent_statements_covered": 95.08196721311475, "percent_statements_covered_display": "95"}, "missing_lines": [22, 106, 107], "excluded_lines": [], "functions": {"prepare_connection": {"executed_lines": [20, 21, 24, 25, 26, 27, 28, 29, 31, 32, 33, 34, 41, 42, 44, 45, 47, 48, 50, 51], "summary": {"covered_lines": 20, "num_statements": 21, "percent_covered": 95.23809523809524, "percent_covered_display": "95", "missing_lines": 1, "excluded_lines": 0, "percent_statements_covered": 95.23809523809524, "percent_statements_covered_display": "95"}, "missing_lines": [22], "excluded_lines": [], "start_line": 14}, "fire_all_functions": {"executed_lines": [59, 60], "summary": {"covered_lines": 2, "num_statements": 2, "percent_covered": 100.0, "percent_covered_display": "100", "missing_lines": 0, "excluded_lines": 0, "percent_statements_covered": 100.0, "percent_statements_covered_display": "100"}, "missing_lines": [], "excluded_lines": [], "start_line": 54}, "self_clean": {"executed_lines": [69, 70, 71, 72], "summary": {"covered_lines": 4, "num_statements": 4, "percent_covered": 100.0, "percent_covered_display": "100", "missing_lines": 0, "excluded_lines": 0, "percent_statements_covered": 100.0, "percent_statements_covered_display": "100"}, "missing_lines": [], "excluded_lines": [], "start_line": 63}, "parse_yaml": {"executed_lines": [81, 82, 83, 84, 85, 86, 87], "summary": {"covered_lines": 7, "num_statements": 7, "percent_covered": 100.0, "percent_covered_display": "100", "missing_lines": 0, "excluded_lines": 0, "percent_statements_covered": 100.0, "percent_statements_covered_display": "100"}, "missing_lines": [], "excluded_lines": [], "start_line": 75}, "parse_yaml_folder_with_filenames": {"executed_lines": [96, 97, 98, 100, 101, 102, 103, 105, 108, 109, 110, 111], "summary": {"covered_lines": 12, "num_statements": 14, "percent_covered": 85.71428571428571, "percent_covered_display": "86", "missing_lines": 2, "excluded_lines": 0, "percent_statements_covered": 85.71428571428571, "percent_statements_covered_display": "86"}, "missing_lines": [106, 107], "excluded_lines": [], "start_line": 90}, "parse_yaml_folder": {"executed_lines": [120], "summary": {"covered_lines": 1, "num_statements": 1, "percent_covered": 100.0, "percent_covered_display": "100", "missing_lines": 0, "excluded_lines": 0, "percent_statements_covered": 100.0, "percent_statements_covered_display": "100"}, "missing_lines": [], "excluded_lines": [], "start_line": 114}, "": {"executed_lines": [4, 5, 6, 8, 9, 11, 14, 54, 63, 75, 90, 114], "summary": {"covered_lines": 12, "num_statements": 12, "percent_covered": 100.0, "percent_covered_display": "100", "missing_lines": 0, "excluded_lines": 0, "percent_statements_covered": 100.0, "percent_statements_covered_display": "100"}, "missing_lines": [], "excluded_lines": [], "start_line": 1}}, "classes": {"": {"executed_lines": [4, 5, 6, 8, 9, 11, 14, 20, 21, 24, 25, 26, 27, 28, 29, 31, 32, 33, 34, 41, 42, 44, 45, 47, 48, 50, 51, 54, 59, 60, 63, 69, 70, 71, 72, 75, 81, 82, 83, 84, 85, 86, 87, 90, 96, 97, 98, 100, 101, 102, 103, 105, 108, 109, 110, 111, 114, 120], "summary": {"covered_lines": 58, "num_statements": 61, "percent_covered": 95.08196721311475, "percent_covered_display": "95", "missing_lines": 3, "excluded_lines": 0, "percent_statements_covered": 95.08196721311475, "percent_statements_covered_display": "95"}, "missing_lines": [22, 106, 107], "excluded_lines": [], "start_line": 1}}}}, "totals": {"covered_lines": 1063, "num_statements": 1150, "percent_covered": 92.43478260869566, "percent_covered_display": "92", "missing_lines": 87, "excluded_lines": 2, "percent_statements_covered": 92.43478260869566, "percent_statements_covered_display": "92"}}